<?xml version="1.0" encoding="UTF-8"?>
<testsuite xmlns:xsi="http://www.w3.org/2001/XMLSchema-instance" xsi:noNamespaceSchemaLocation="https://maven.apache.org/surefire/maven-surefire-plugin/xsd/surefire-test-report.xsd" name="com.lattice.latticeuser.LatticeUserApplicationTests" time="0" tests="1" errors="0" skipped="1" failures="0">
  <properties>
    <property name="sun.desktop" value="gnome"/>
    <property name="awt.toolkit" value="sun.awt.X11.XToolkit"/>
    <property name="file.encoding.pkg" value="sun.io"/>
    <property name="java.specification.version" value="1.8"/>
    <property name="sun.cpu.isalist" value=""/>
    <property name="sun.jnu.encoding" value="UTF-8"/>
    <property name="java.class.path" value="/home/zjh/IdeaProjects/lattice/lattice-user/target/test-classes:/home/zjh/IdeaProjects/lattice/lattice-user/target/classes:/home/zjh/git/Wechat/repository/com/lattice/lattice-common/1.0.0/lattice-common-1.0.0.jar:/home/zjh/git/Wechat/repository/org/springframework/boot/spring-boot-starter-web/2.0.0.RELEASE/spring-boot-starter-web-2.0.0.RELEASE.jar:/home/zjh/git/Wechat/repository/org/springframework/boot/spring-boot-starter-json/2.0.0.RELEASE/spring-boot-starter-json-2.0.0.RELEASE.jar:/home/zjh/git/Wechat/repository/com/fasterxml/jackson/datatype/jackson-datatype-jdk8/2.9.4/jackson-datatype-jdk8-2.9.4.jar:/home/zjh/git/Wechat/repository/com/fasterxml/jackson/datatype/jackson-datatype-jsr310/2.9.4/jackson-datatype-jsr310-2.9.4.jar:/home/zjh/git/Wechat/repository/com/fasterxml/jackson/module/jackson-module-parameter-names/2.9.4/jackson-module-parameter-names-2.9.4.jar:/home/zjh/git/Wechat/repository/org/springframework/boot/spring-boot-starter-tomcat/2.0.0.RELEASE/spring-boot-starter-tomcat-2.0.0.RELEASE.jar:/home/zjh/git/Wechat/repository/org/apache/tomcat/embed/tomcat-embed-core/8.5.28/tomcat-embed-core-8.5.28.jar:/home/zjh/git/Wechat/repository/org/apache/tomcat/embed/tomcat-embed-el/8.5.28/tomcat-embed-el-8.5.28.jar:/home/zjh/git/Wechat/repository/org/apache/tomcat/embed/tomcat-embed-websocket/8.5.28/tomcat-embed-websocket-8.5.28.jar:/home/zjh/git/Wechat/repository/org/hibernate/validator/hibernate-validator/6.0.7.Final/hibernate-validator-6.0.7.Final.jar:/home/zjh/git/Wechat/repository/javax/validation/validation-api/2.0.1.Final/validation-api-2.0.1.Final.jar:/home/zjh/git/Wechat/repository/org/jboss/logging/jboss-logging/3.3.2.Final/jboss-logging-3.3.2.Final.jar:/home/zjh/git/Wechat/repository/org/springframework/spring-web/5.0.4.RELEASE/spring-web-5.0.4.RELEASE.jar:/home/zjh/git/Wechat/repository/org/springframework/spring-webmvc/5.0.4.RELEASE/spring-webmvc-5.0.4.RELEASE.jar:/home/zjh/git/Wechat/repository/com/alibaba/druid/1.1.3/druid-1.1.3.jar:/opt/java/jre/../lib/jconsole.jar:/opt/java/jre/../lib/tools.jar:/home/zjh/git/Wechat/repository/io/springfox/springfox-swagger2/2.6.1/springfox-swagger2-2.6.1.jar:/home/zjh/git/Wechat/repository/io/swagger/swagger-annotations/1.5.10/swagger-annotations-1.5.10.jar:/home/zjh/git/Wechat/repository/io/swagger/swagger-models/1.5.10/swagger-models-1.5.10.jar:/home/zjh/git/Wechat/repository/io/springfox/springfox-spi/2.6.1/springfox-spi-2.6.1.jar:/home/zjh/git/Wechat/repository/io/springfox/springfox-core/2.6.1/springfox-core-2.6.1.jar:/home/zjh/git/Wechat/repository/io/springfox/springfox-schema/2.6.1/springfox-schema-2.6.1.jar:/home/zjh/git/Wechat/repository/io/springfox/springfox-swagger-common/2.6.1/springfox-swagger-common-2.6.1.jar:/home/zjh/git/Wechat/repository/io/springfox/springfox-spring-web/2.6.1/springfox-spring-web-2.6.1.jar:/home/zjh/git/Wechat/repository/com/google/guava/guava/18.0/guava-18.0.jar:/home/zjh/git/Wechat/repository/com/fasterxml/classmate/1.3.4/classmate-1.3.4.jar:/home/zjh/git/Wechat/repository/org/slf4j/slf4j-api/1.7.25/slf4j-api-1.7.25.jar:/home/zjh/git/Wechat/repository/org/springframework/plugin/spring-plugin-core/1.2.0.RELEASE/spring-plugin-core-1.2.0.RELEASE.jar:/home/zjh/git/Wechat/repository/org/springframework/plugin/spring-plugin-metadata/1.2.0.RELEASE/spring-plugin-metadata-1.2.0.RELEASE.jar:/home/zjh/git/Wechat/repository/org/mapstruct/mapstruct/1.0.0.Final/mapstruct-1.0.0.Final.jar:/home/zjh/git/Wechat/repository/io/springfox/springfox-swagger-ui/2.6.1/springfox-swagger-ui-2.6.1.jar:/home/zjh/git/Wechat/repository/org/springframework/boot/spring-boot-starter-aop/2.0.0.RELEASE/spring-boot-starter-aop-2.0.0.RELEASE.jar:/home/zjh/git/Wechat/repository/org/springframework/spring-aop/5.0.4.RELEASE/spring-aop-5.0.4.RELEASE.jar:/home/zjh/git/Wechat/repository/org/aspectj/aspectjweaver/1.8.13/aspectjweaver-1.8.13.jar:/home/zjh/git/Wechat/repository/org/springframework/boot/spring-boot-starter-cache/2.0.0.RELEASE/spring-boot-starter-cache-2.0.0.RELEASE.jar:/home/zjh/git/Wechat/repository/org/springframework/boot/spring-boot-starter/2.0.0.RELEASE/spring-boot-starter-2.0.0.RELEASE.jar:/home/zjh/git/Wechat/repository/org/springframework/boot/spring-boot/2.0.0.RELEASE/spring-boot-2.0.0.RELEASE.jar:/home/zjh/git/Wechat/repository/org/springframework/boot/spring-boot-autoconfigure/2.0.0.RELEASE/spring-boot-autoconfigure-2.0.0.RELEASE.jar:/home/zjh/git/Wechat/repository/org/springframework/boot/spring-boot-starter-logging/2.0.0.RELEASE/spring-boot-starter-logging-2.0.0.RELEASE.jar:/home/zjh/git/Wechat/repository/ch/qos/logback/logback-classic/1.2.3/logback-classic-1.2.3.jar:/home/zjh/git/Wechat/repository/ch/qos/logback/logback-core/1.2.3/logback-core-1.2.3.jar:/home/zjh/git/Wechat/repository/org/apache/logging/log4j/log4j-to-slf4j/2.10.0/log4j-to-slf4j-2.10.0.jar:/home/zjh/git/Wechat/repository/org/apache/logging/log4j/log4j-api/2.10.0/log4j-api-2.10.0.jar:/home/zjh/git/Wechat/repository/org/slf4j/jul-to-slf4j/1.7.25/jul-to-slf4j-1.7.25.jar:/home/zjh/git/Wechat/repository/javax/annotation/javax.annotation-api/1.3.2/javax.annotation-api-1.3.2.jar:/home/zjh/git/Wechat/repository/org/yaml/snakeyaml/1.19/snakeyaml-1.19.jar:/home/zjh/git/Wechat/repository/org/springframework/spring-context/5.0.4.RELEASE/spring-context-5.0.4.RELEASE.jar:/home/zjh/git/Wechat/repository/org/springframework/spring-beans/5.0.4.RELEASE/spring-beans-5.0.4.RELEASE.jar:/home/zjh/git/Wechat/repository/org/springframework/spring-expression/5.0.4.RELEASE/spring-expression-5.0.4.RELEASE.jar:/home/zjh/git/Wechat/repository/org/springframework/spring-context-support/5.0.4.RELEASE/spring-context-support-5.0.4.RELEASE.jar:/home/zjh/git/Wechat/repository/org/springframework/boot/spring-boot-starter-data-redis/2.0.0.RELEASE/spring-boot-starter-data-redis-2.0.0.RELEASE.jar:/home/zjh/git/Wechat/repository/org/springframework/data/spring-data-redis/2.0.5.RELEASE/spring-data-redis-2.0.5.RELEASE.jar:/home/zjh/git/Wechat/repository/org/springframework/data/spring-data-keyvalue/2.0.5.RELEASE/spring-data-keyvalue-2.0.5.RELEASE.jar:/home/zjh/git/Wechat/repository/org/springframework/data/spring-data-commons/2.0.5.RELEASE/spring-data-commons-2.0.5.RELEASE.jar:/home/zjh/git/Wechat/repository/org/springframework/spring-tx/5.0.4.RELEASE/spring-tx-5.0.4.RELEASE.jar:/home/zjh/git/Wechat/repository/org/springframework/spring-oxm/5.0.4.RELEASE/spring-oxm-5.0.4.RELEASE.jar:/home/zjh/git/Wechat/repository/io/lettuce/lettuce-core/5.0.2.RELEASE/lettuce-core-5.0.2.RELEASE.jar:/home/zjh/git/Wechat/repository/io/projectreactor/reactor-core/3.1.5.RELEASE/reactor-core-3.1.5.RELEASE.jar:/home/zjh/git/Wechat/repository/org/reactivestreams/reactive-streams/1.0.2/reactive-streams-1.0.2.jar:/home/zjh/git/Wechat/repository/io/netty/netty-common/4.1.22.Final/netty-common-4.1.22.Final.jar:/home/zjh/git/Wechat/repository/io/netty/netty-transport/4.1.22.Final/netty-transport-4.1.22.Final.jar:/home/zjh/git/Wechat/repository/io/netty/netty-buffer/4.1.22.Final/netty-buffer-4.1.22.Final.jar:/home/zjh/git/Wechat/repository/io/netty/netty-resolver/4.1.22.Final/netty-resolver-4.1.22.Final.jar:/home/zjh/git/Wechat/repository/io/netty/netty-handler/4.1.22.Final/netty-handler-4.1.22.Final.jar:/home/zjh/git/Wechat/repository/io/netty/netty-codec/4.1.22.Final/netty-codec-4.1.22.Final.jar:/home/zjh/git/Wechat/repository/redis/clients/jedis/2.9.0/jedis-2.9.0.jar:/home/zjh/git/Wechat/repository/org/apache/commons/commons-pool2/2.5.0/commons-pool2-2.5.0.jar:/home/zjh/git/Wechat/repository/org/springframework/cloud/spring-cloud-starter-netflix-eureka-client/2.0.0.RELEASE/spring-cloud-starter-netflix-eureka-client-2.0.0.RELEASE.jar:/home/zjh/git/Wechat/repository/org/springframework/cloud/spring-cloud-starter/2.0.0.RELEASE/spring-cloud-starter-2.0.0.RELEASE.jar:/home/zjh/git/Wechat/repository/org/springframework/cloud/spring-cloud-context/2.0.0.RELEASE/spring-cloud-context-2.0.0.RELEASE.jar:/home/zjh/git/Wechat/repository/org/springframework/security/spring-security-crypto/5.0.3.RELEASE/spring-security-crypto-5.0.3.RELEASE.jar:/home/zjh/git/Wechat/repository/org/springframework/cloud/spring-cloud-commons/2.0.0.RELEASE/spring-cloud-commons-2.0.0.RELEASE.jar:/home/zjh/git/Wechat/repository/org/springframework/security/spring-security-rsa/1.0.5.RELEASE/spring-security-rsa-1.0.5.RELEASE.jar:/home/zjh/git/Wechat/repository/org/bouncycastle/bcpkix-jdk15on/1.56/bcpkix-jdk15on-1.56.jar:/home/zjh/git/Wechat/repository/org/bouncycastle/bcprov-jdk15on/1.56/bcprov-jdk15on-1.56.jar:/home/zjh/git/Wechat/repository/org/springframework/cloud/spring-cloud-netflix-core/2.0.0.RELEASE/spring-cloud-netflix-core-2.0.0.RELEASE.jar:/home/zjh/git/Wechat/repository/org/springframework/cloud/spring-cloud-netflix-eureka-client/2.0.0.RELEASE/spring-cloud-netflix-eureka-client-2.0.0.RELEASE.jar:/home/zjh/git/Wechat/repository/com/netflix/eureka/eureka-client/1.9.2/eureka-client-1.9.2.jar:/home/zjh/git/Wechat/repository/org/codehaus/jettison/jettison/1.3.7/jettison-1.3.7.jar:/home/zjh/git/Wechat/repository/stax/stax-api/1.0.1/stax-api-1.0.1.jar:/home/zjh/git/Wechat/repository/com/netflix/netflix-commons/netflix-eventbus/0.3.0/netflix-eventbus-0.3.0.jar:/home/zjh/git/Wechat/repository/com/netflix/netflix-commons/netflix-infix/0.3.0/netflix-infix-0.3.0.jar:/home/zjh/git/Wechat/repository/commons-jxpath/commons-jxpath/1.3/commons-jxpath-1.3.jar:/home/zjh/git/Wechat/repository/joda-time/joda-time/2.9.9/joda-time-2.9.9.jar:/home/zjh/git/Wechat/repository/org/antlr/antlr-runtime/3.4/antlr-runtime-3.4.jar:/home/zjh/git/Wechat/repository/org/antlr/stringtemplate/3.2.1/stringtemplate-3.2.1.jar:/home/zjh/git/Wechat/repository/antlr/antlr/2.7.7/antlr-2.7.7.jar:/home/zjh/git/Wechat/repository/com/google/code/gson/gson/2.8.2/gson-2.8.2.jar:/home/zjh/git/Wechat/repository/org/apache/commons/commons-math/2.2/commons-math-2.2.jar:/home/zjh/git/Wechat/repository/com/netflix/archaius/archaius-core/0.7.6/archaius-core-0.7.6.jar:/home/zjh/git/Wechat/repository/javax/ws/rs/jsr311-api/1.1.1/jsr311-api-1.1.1.jar:/home/zjh/git/Wechat/repository/com/netflix/servo/servo-core/0.12.21/servo-core-0.12.21.jar:/home/zjh/git/Wechat/repository/com/sun/jersey/jersey-core/1.19.1/jersey-core-1.19.1.jar:/home/zjh/git/Wechat/repository/com/sun/jersey/jersey-client/1.19.1/jersey-client-1.19.1.jar:/home/zjh/git/Wechat/repository/com/sun/jersey/contribs/jersey-apache-client4/1.19.1/jersey-apache-client4-1.19.1.jar:/home/zjh/git/Wechat/repository/org/apache/httpcomponents/httpclient/4.5.5/httpclient-4.5.5.jar:/home/zjh/git/Wechat/repository/org/apache/httpcomponents/httpcore/4.4.9/httpcore-4.4.9.jar:/home/zjh/git/Wechat/repository/commons-codec/commons-codec/1.11/commons-codec-1.11.jar:/home/zjh/git/Wechat/repository/com/google/inject/guice/4.1.0/guice-4.1.0.jar:/home/zjh/git/Wechat/repository/javax/inject/javax.inject/1/javax.inject-1.jar:/home/zjh/git/Wechat/repository/aopalliance/aopalliance/1.0/aopalliance-1.0.jar:/home/zjh/git/Wechat/repository/com/github/vlsi/compactmap/compactmap/1.2.1/compactmap-1.2.1.jar:/home/zjh/git/Wechat/repository/com/github/andrewoma/dexx/dexx-collections/0.2/dexx-collections-0.2.jar:/home/zjh/git/Wechat/repository/com/fasterxml/jackson/core/jackson-annotations/2.9.0/jackson-annotations-2.9.0.jar:/home/zjh/git/Wechat/repository/com/fasterxml/jackson/core/jackson-core/2.9.4/jackson-core-2.9.4.jar:/home/zjh/git/Wechat/repository/com/netflix/eureka/eureka-core/1.9.2/eureka-core-1.9.2.jar:/home/zjh/git/Wechat/repository/org/codehaus/woodstox/woodstox-core-asl/4.4.1/woodstox-core-asl-4.4.1.jar:/home/zjh/git/Wechat/repository/javax/xml/stream/stax-api/1.0-2/stax-api-1.0-2.jar:/home/zjh/git/Wechat/repository/org/codehaus/woodstox/stax2-api/3.1.4/stax2-api-3.1.4.jar:/home/zjh/git/Wechat/repository/org/springframework/cloud/spring-cloud-starter-netflix-archaius/2.0.0.RELEASE/spring-cloud-starter-netflix-archaius-2.0.0.RELEASE.jar:/home/zjh/git/Wechat/repository/org/springframework/cloud/spring-cloud-netflix-ribbon/2.0.0.RELEASE/spring-cloud-netflix-ribbon-2.0.0.RELEASE.jar:/home/zjh/git/Wechat/repository/org/springframework/cloud/spring-cloud-netflix-archaius/2.0.0.RELEASE/spring-cloud-netflix-archaius-2.0.0.RELEASE.jar:/home/zjh/git/Wechat/repository/commons-configuration/commons-configuration/1.8/commons-configuration-1.8.jar:/home/zjh/git/Wechat/repository/commons-lang/commons-lang/2.6/commons-lang-2.6.jar:/home/zjh/git/Wechat/repository/org/springframework/cloud/spring-cloud-starter-netflix-ribbon/2.0.0.RELEASE/spring-cloud-starter-netflix-ribbon-2.0.0.RELEASE.jar:/home/zjh/git/Wechat/repository/com/netflix/ribbon/ribbon/2.2.5/ribbon-2.2.5.jar:/home/zjh/git/Wechat/repository/com/netflix/ribbon/ribbon-transport/2.2.5/ribbon-transport-2.2.5.jar:/home/zjh/git/Wechat/repository/io/reactivex/rxnetty-contexts/0.4.9/rxnetty-contexts-0.4.9.jar:/home/zjh/git/Wechat/repository/io/reactivex/rxnetty-servo/0.4.9/rxnetty-servo-0.4.9.jar:/home/zjh/git/Wechat/repository/com/netflix/hystrix/hystrix-core/1.4.3/hystrix-core-1.4.3.jar:/home/zjh/git/Wechat/repository/io/reactivex/rxnetty/0.4.9/rxnetty-0.4.9.jar:/home/zjh/git/Wechat/repository/io/netty/netty-codec-http/4.1.22.Final/netty-codec-http-4.1.22.Final.jar:/home/zjh/git/Wechat/repository/io/netty/netty-transport-native-epoll/4.1.22.Final/netty-transport-native-epoll-4.1.22.Final.jar:/home/zjh/git/Wechat/repository/io/netty/netty-transport-native-unix-common/4.1.22.Final/netty-transport-native-unix-common-4.1.22.Final.jar:/home/zjh/git/Wechat/repository/com/netflix/ribbon/ribbon-core/2.2.5/ribbon-core-2.2.5.jar:/home/zjh/git/Wechat/repository/com/netflix/ribbon/ribbon-httpclient/2.2.5/ribbon-httpclient-2.2.5.jar:/home/zjh/git/Wechat/repository/commons-collections/commons-collections/3.2.2/commons-collections-3.2.2.jar:/home/zjh/git/Wechat/repository/com/netflix/netflix-commons/netflix-commons-util/0.1.1/netflix-commons-util-0.1.1.jar:/home/zjh/git/Wechat/repository/com/netflix/ribbon/ribbon-loadbalancer/2.2.5/ribbon-loadbalancer-2.2.5.jar:/home/zjh/git/Wechat/repository/com/netflix/netflix-commons/netflix-statistics/0.1.1/netflix-statistics-0.1.1.jar:/home/zjh/git/Wechat/repository/io/reactivex/rxjava/1.3.6/rxjava-1.3.6.jar:/home/zjh/git/Wechat/repository/com/netflix/ribbon/ribbon-eureka/2.2.5/ribbon-eureka-2.2.5.jar:/home/zjh/git/Wechat/repository/com/thoughtworks/xstream/xstream/1.4.10/xstream-1.4.10.jar:/home/zjh/git/Wechat/repository/xmlpull/xmlpull/1.1.3.1/xmlpull-1.1.3.1.jar:/home/zjh/git/Wechat/repository/xpp3/xpp3_min/1.1.4c/xpp3_min-1.1.4c.jar:/home/zjh/git/Wechat/repository/de/codecentric/spring-boot-admin-starter-client/2.0.0/spring-boot-admin-starter-client-2.0.0.jar:/home/zjh/git/Wechat/repository/de/codecentric/spring-boot-admin-client/2.0.0/spring-boot-admin-client-2.0.0.jar:/home/zjh/git/Wechat/repository/org/springframework/boot/spring-boot-starter-actuator/2.0.0.RELEASE/spring-boot-starter-actuator-2.0.0.RELEASE.jar:/home/zjh/git/Wechat/repository/org/springframework/boot/spring-boot-actuator-autoconfigure/2.0.0.RELEASE/spring-boot-actuator-autoconfigure-2.0.0.RELEASE.jar:/home/zjh/git/Wechat/repository/org/springframework/boot/spring-boot-actuator/2.0.0.RELEASE/spring-boot-actuator-2.0.0.RELEASE.jar:/home/zjh/git/Wechat/repository/io/micrometer/micrometer-core/1.0.1/micrometer-core-1.0.1.jar:/home/zjh/git/Wechat/repository/org/hdrhistogram/HdrHistogram/2.1.10/HdrHistogram-2.1.10.jar:/home/zjh/git/Wechat/repository/org/latencyutils/LatencyUtils/2.0.3/LatencyUtils-2.0.3.jar:/home/zjh/git/Wechat/repository/org/jolokia/jolokia-core/1.5.0/jolokia-core-1.5.0.jar:/home/zjh/git/Wechat/repository/com/googlecode/json-simple/json-simple/1.1.1/json-simple-1.1.1.jar:/home/zjh/git/Wechat/repository/org/mybatis/spring/boot/mybatis-spring-boot-starter/1.3.2/mybatis-spring-boot-starter-1.3.2.jar:/home/zjh/git/Wechat/repository/org/springframework/boot/spring-boot-starter-jdbc/2.0.0.RELEASE/spring-boot-starter-jdbc-2.0.0.RELEASE.jar:/home/zjh/git/Wechat/repository/com/zaxxer/HikariCP/2.7.8/HikariCP-2.7.8.jar:/home/zjh/git/Wechat/repository/org/springframework/spring-jdbc/5.0.4.RELEASE/spring-jdbc-5.0.4.RELEASE.jar:/home/zjh/git/Wechat/repository/org/mybatis/spring/boot/mybatis-spring-boot-autoconfigure/1.3.2/mybatis-spring-boot-autoconfigure-1.3.2.jar:/home/zjh/git/Wechat/repository/org/mybatis/mybatis/3.4.6/mybatis-3.4.6.jar:/home/zjh/git/Wechat/repository/org/mybatis/mybatis-spring/1.3.2/mybatis-spring-1.3.2.jar:/home/zjh/git/Wechat/repository/com/github/pagehelper/pagehelper-spring-boot-starter/1.2.3/pagehelper-spring-boot-starter-1.2.3.jar:/home/zjh/git/Wechat/repository/com/github/pagehelper/pagehelper-spring-boot-autoconfigure/1.2.3/pagehelper-spring-boot-autoconfigure-1.2.3.jar:/home/zjh/git/Wechat/repository/com/github/pagehelper/pagehelper/5.1.2/pagehelper-5.1.2.jar:/home/zjh/git/Wechat/repository/com/github/jsqlparser/jsqlparser/1.0/jsqlparser-1.0.jar:/home/zjh/git/Wechat/repository/org/springframework/cloud/spring-cloud-starter-config/2.0.0.RELEASE/spring-cloud-starter-config-2.0.0.RELEASE.jar:/home/zjh/git/Wechat/repository/org/springframework/cloud/spring-cloud-config-client/2.0.0.RELEASE/spring-cloud-config-client-2.0.0.RELEASE.jar:/home/zjh/git/Wechat/repository/com/fasterxml/jackson/core/jackson-databind/2.9.4/jackson-databind-2.9.4.jar:/home/zjh/git/Wechat/repository/mysql/mysql-connector-java/5.1.45/mysql-connector-java-5.1.45.jar:/home/zjh/git/Wechat/repository/log4j/log4j/1.2.17/log4j-1.2.17.jar:/home/zjh/git/Wechat/repository/org/mybatis/generator/mybatis-generator-core/1.3.5/mybatis-generator-core-1.3.5.jar:/home/zjh/git/Wechat/repository/org/projectlombok/lombok/1.16.20/lombok-1.16.20.jar:/home/zjh/git/Wechat/repository/org/springframework/boot/spring-boot-starter-test/2.0.0.RELEASE/spring-boot-starter-test-2.0.0.RELEASE.jar:/home/zjh/git/Wechat/repository/org/springframework/boot/spring-boot-test/2.0.0.RELEASE/spring-boot-test-2.0.0.RELEASE.jar:/home/zjh/git/Wechat/repository/org/springframework/boot/spring-boot-test-autoconfigure/2.0.0.RELEASE/spring-boot-test-autoconfigure-2.0.0.RELEASE.jar:/home/zjh/git/Wechat/repository/com/jayway/jsonpath/json-path/2.4.0/json-path-2.4.0.jar:/home/zjh/git/Wechat/repository/net/minidev/json-smart/2.3/json-smart-2.3.jar:/home/zjh/git/Wechat/repository/net/minidev/accessors-smart/1.2/accessors-smart-1.2.jar:/home/zjh/git/Wechat/repository/org/ow2/asm/asm/5.0.4/asm-5.0.4.jar:/home/zjh/git/Wechat/repository/junit/junit/4.12/junit-4.12.jar:/home/zjh/git/Wechat/repository/org/assertj/assertj-core/3.9.1/assertj-core-3.9.1.jar:/home/zjh/git/Wechat/repository/org/mockito/mockito-core/2.15.0/mockito-core-2.15.0.jar:/home/zjh/git/Wechat/repository/net/bytebuddy/byte-buddy/1.7.10/byte-buddy-1.7.10.jar:/home/zjh/git/Wechat/repository/net/bytebuddy/byte-buddy-agent/1.7.10/byte-buddy-agent-1.7.10.jar:/home/zjh/git/Wechat/repository/org/objenesis/objenesis/2.6/objenesis-2.6.jar:/home/zjh/git/Wechat/repository/org/hamcrest/hamcrest-core/1.3/hamcrest-core-1.3.jar:/home/zjh/git/Wechat/repository/org/hamcrest/hamcrest-library/1.3/hamcrest-library-1.3.jar:/home/zjh/git/Wechat/repository/org/skyscreamer/jsonassert/1.5.0/jsonassert-1.5.0.jar:/home/zjh/git/Wechat/repository/com/vaadin/external/google/android-json/0.0.20131108.vaadin1/android-json-0.0.20131108.vaadin1.jar:/home/zjh/git/Wechat/repository/org/springframework/spring-core/5.0.4.RELEASE/spring-core-5.0.4.RELEASE.jar:/home/zjh/git/Wechat/repository/org/springframework/spring-jcl/5.0.4.RELEASE/spring-jcl-5.0.4.RELEASE.jar:/home/zjh/git/Wechat/repository/org/springframework/spring-test/5.0.4.RELEASE/spring-test-5.0.4.RELEASE.jar:/home/zjh/git/Wechat/repository/org/xmlunit/xmlunit-core/2.5.1/xmlunit-core-2.5.1.jar:"/>
    <property name="java.vm.vendor" value="Oracle Corporation"/>
    <property name="sun.arch.data.model" value="64"/>
    <property name="java.vendor.url" value="http://java.oracle.com/"/>
    <property name="user.timezone" value=""/>
    <property name="java.vm.specification.version" value="1.8"/>
    <property name="os.name" value="Linux"/>
    <property name="user.country" value="CN"/>
    <property name="sun.java.launcher" value="SUN_STANDARD"/>
    <property name="sun.boot.library.path" value="/opt/java/jre/lib/amd64"/>
    <property name="sun.java.command" value="/home/zjh/IdeaProjects/lattice/lattice-user/target/surefire/surefirebooter6131785557467210753.jar /home/zjh/IdeaProjects/lattice/lattice-user/target/surefire 2019-02-21T19-29-44_861-jvmRun1 surefire7846845480366830118tmp surefire_05609308722204470979tmp"/>
    <property name="surefire.test.class.path" value="/home/zjh/IdeaProjects/lattice/lattice-user/target/test-classes:/home/zjh/IdeaProjects/lattice/lattice-user/target/classes:/home/zjh/git/Wechat/repository/com/lattice/lattice-common/1.0.0/lattice-common-1.0.0.jar:/home/zjh/git/Wechat/repository/org/springframework/boot/spring-boot-starter-web/2.0.0.RELEASE/spring-boot-starter-web-2.0.0.RELEASE.jar:/home/zjh/git/Wechat/repository/org/springframework/boot/spring-boot-starter-json/2.0.0.RELEASE/spring-boot-starter-json-2.0.0.RELEASE.jar:/home/zjh/git/Wechat/repository/com/fasterxml/jackson/datatype/jackson-datatype-jdk8/2.9.4/jackson-datatype-jdk8-2.9.4.jar:/home/zjh/git/Wechat/repository/com/fasterxml/jackson/datatype/jackson-datatype-jsr310/2.9.4/jackson-datatype-jsr310-2.9.4.jar:/home/zjh/git/Wechat/repository/com/fasterxml/jackson/module/jackson-module-parameter-names/2.9.4/jackson-module-parameter-names-2.9.4.jar:/home/zjh/git/Wechat/repository/org/springframework/boot/spring-boot-starter-tomcat/2.0.0.RELEASE/spring-boot-starter-tomcat-2.0.0.RELEASE.jar:/home/zjh/git/Wechat/repository/org/apache/tomcat/embed/tomcat-embed-core/8.5.28/tomcat-embed-core-8.5.28.jar:/home/zjh/git/Wechat/repository/org/apache/tomcat/embed/tomcat-embed-el/8.5.28/tomcat-embed-el-8.5.28.jar:/home/zjh/git/Wechat/repository/org/apache/tomcat/embed/tomcat-embed-websocket/8.5.28/tomcat-embed-websocket-8.5.28.jar:/home/zjh/git/Wechat/repository/org/hibernate/validator/hibernate-validator/6.0.7.Final/hibernate-validator-6.0.7.Final.jar:/home/zjh/git/Wechat/repository/javax/validation/validation-api/2.0.1.Final/validation-api-2.0.1.Final.jar:/home/zjh/git/Wechat/repository/org/jboss/logging/jboss-logging/3.3.2.Final/jboss-logging-3.3.2.Final.jar:/home/zjh/git/Wechat/repository/org/springframework/spring-web/5.0.4.RELEASE/spring-web-5.0.4.RELEASE.jar:/home/zjh/git/Wechat/repository/org/springframework/spring-webmvc/5.0.4.RELEASE/spring-webmvc-5.0.4.RELEASE.jar:/home/zjh/git/Wechat/repository/com/alibaba/druid/1.1.3/druid-1.1.3.jar:/opt/java/jre/../lib/jconsole.jar:/opt/java/jre/../lib/tools.jar:/home/zjh/git/Wechat/repository/io/springfox/springfox-swagger2/2.6.1/springfox-swagger2-2.6.1.jar:/home/zjh/git/Wechat/repository/io/swagger/swagger-annotations/1.5.10/swagger-annotations-1.5.10.jar:/home/zjh/git/Wechat/repository/io/swagger/swagger-models/1.5.10/swagger-models-1.5.10.jar:/home/zjh/git/Wechat/repository/io/springfox/springfox-spi/2.6.1/springfox-spi-2.6.1.jar:/home/zjh/git/Wechat/repository/io/springfox/springfox-core/2.6.1/springfox-core-2.6.1.jar:/home/zjh/git/Wechat/repository/io/springfox/springfox-schema/2.6.1/springfox-schema-2.6.1.jar:/home/zjh/git/Wechat/repository/io/springfox/springfox-swagger-common/2.6.1/springfox-swagger-common-2.6.1.jar:/home/zjh/git/Wechat/repository/io/springfox/springfox-spring-web/2.6.1/springfox-spring-web-2.6.1.jar:/home/zjh/git/Wechat/repository/com/google/guava/guava/18.0/guava-18.0.jar:/home/zjh/git/Wechat/repository/com/fasterxml/classmate/1.3.4/classmate-1.3.4.jar:/home/zjh/git/Wechat/repository/org/slf4j/slf4j-api/1.7.25/slf4j-api-1.7.25.jar:/home/zjh/git/Wechat/repository/org/springframework/plugin/spring-plugin-core/1.2.0.RELEASE/spring-plugin-core-1.2.0.RELEASE.jar:/home/zjh/git/Wechat/repository/org/springframework/plugin/spring-plugin-metadata/1.2.0.RELEASE/spring-plugin-metadata-1.2.0.RELEASE.jar:/home/zjh/git/Wechat/repository/org/mapstruct/mapstruct/1.0.0.Final/mapstruct-1.0.0.Final.jar:/home/zjh/git/Wechat/repository/io/springfox/springfox-swagger-ui/2.6.1/springfox-swagger-ui-2.6.1.jar:/home/zjh/git/Wechat/repository/org/springframework/boot/spring-boot-starter-aop/2.0.0.RELEASE/spring-boot-starter-aop-2.0.0.RELEASE.jar:/home/zjh/git/Wechat/repository/org/springframework/spring-aop/5.0.4.RELEASE/spring-aop-5.0.4.RELEASE.jar:/home/zjh/git/Wechat/repository/org/aspectj/aspectjweaver/1.8.13/aspectjweaver-1.8.13.jar:/home/zjh/git/Wechat/repository/org/springframework/boot/spring-boot-starter-cache/2.0.0.RELEASE/spring-boot-starter-cache-2.0.0.RELEASE.jar:/home/zjh/git/Wechat/repository/org/springframework/boot/spring-boot-starter/2.0.0.RELEASE/spring-boot-starter-2.0.0.RELEASE.jar:/home/zjh/git/Wechat/repository/org/springframework/boot/spring-boot/2.0.0.RELEASE/spring-boot-2.0.0.RELEASE.jar:/home/zjh/git/Wechat/repository/org/springframework/boot/spring-boot-autoconfigure/2.0.0.RELEASE/spring-boot-autoconfigure-2.0.0.RELEASE.jar:/home/zjh/git/Wechat/repository/org/springframework/boot/spring-boot-starter-logging/2.0.0.RELEASE/spring-boot-starter-logging-2.0.0.RELEASE.jar:/home/zjh/git/Wechat/repository/ch/qos/logback/logback-classic/1.2.3/logback-classic-1.2.3.jar:/home/zjh/git/Wechat/repository/ch/qos/logback/logback-core/1.2.3/logback-core-1.2.3.jar:/home/zjh/git/Wechat/repository/org/apache/logging/log4j/log4j-to-slf4j/2.10.0/log4j-to-slf4j-2.10.0.jar:/home/zjh/git/Wechat/repository/org/apache/logging/log4j/log4j-api/2.10.0/log4j-api-2.10.0.jar:/home/zjh/git/Wechat/repository/org/slf4j/jul-to-slf4j/1.7.25/jul-to-slf4j-1.7.25.jar:/home/zjh/git/Wechat/repository/javax/annotation/javax.annotation-api/1.3.2/javax.annotation-api-1.3.2.jar:/home/zjh/git/Wechat/repository/org/yaml/snakeyaml/1.19/snakeyaml-1.19.jar:/home/zjh/git/Wechat/repository/org/springframework/spring-context/5.0.4.RELEASE/spring-context-5.0.4.RELEASE.jar:/home/zjh/git/Wechat/repository/org/springframework/spring-beans/5.0.4.RELEASE/spring-beans-5.0.4.RELEASE.jar:/home/zjh/git/Wechat/repository/org/springframework/spring-expression/5.0.4.RELEASE/spring-expression-5.0.4.RELEASE.jar:/home/zjh/git/Wechat/repository/org/springframework/spring-context-support/5.0.4.RELEASE/spring-context-support-5.0.4.RELEASE.jar:/home/zjh/git/Wechat/repository/org/springframework/boot/spring-boot-starter-data-redis/2.0.0.RELEASE/spring-boot-starter-data-redis-2.0.0.RELEASE.jar:/home/zjh/git/Wechat/repository/org/springframework/data/spring-data-redis/2.0.5.RELEASE/spring-data-redis-2.0.5.RELEASE.jar:/home/zjh/git/Wechat/repository/org/springframework/data/spring-data-keyvalue/2.0.5.RELEASE/spring-data-keyvalue-2.0.5.RELEASE.jar:/home/zjh/git/Wechat/repository/org/springframework/data/spring-data-commons/2.0.5.RELEASE/spring-data-commons-2.0.5.RELEASE.jar:/home/zjh/git/Wechat/repository/org/springframework/spring-tx/5.0.4.RELEASE/spring-tx-5.0.4.RELEASE.jar:/home/zjh/git/Wechat/repository/org/springframework/spring-oxm/5.0.4.RELEASE/spring-oxm-5.0.4.RELEASE.jar:/home/zjh/git/Wechat/repository/io/lettuce/lettuce-core/5.0.2.RELEASE/lettuce-core-5.0.2.RELEASE.jar:/home/zjh/git/Wechat/repository/io/projectreactor/reactor-core/3.1.5.RELEASE/reactor-core-3.1.5.RELEASE.jar:/home/zjh/git/Wechat/repository/org/reactivestreams/reactive-streams/1.0.2/reactive-streams-1.0.2.jar:/home/zjh/git/Wechat/repository/io/netty/netty-common/4.1.22.Final/netty-common-4.1.22.Final.jar:/home/zjh/git/Wechat/repository/io/netty/netty-transport/4.1.22.Final/netty-transport-4.1.22.Final.jar:/home/zjh/git/Wechat/repository/io/netty/netty-buffer/4.1.22.Final/netty-buffer-4.1.22.Final.jar:/home/zjh/git/Wechat/repository/io/netty/netty-resolver/4.1.22.Final/netty-resolver-4.1.22.Final.jar:/home/zjh/git/Wechat/repository/io/netty/netty-handler/4.1.22.Final/netty-handler-4.1.22.Final.jar:/home/zjh/git/Wechat/repository/io/netty/netty-codec/4.1.22.Final/netty-codec-4.1.22.Final.jar:/home/zjh/git/Wechat/repository/redis/clients/jedis/2.9.0/jedis-2.9.0.jar:/home/zjh/git/Wechat/repository/org/apache/commons/commons-pool2/2.5.0/commons-pool2-2.5.0.jar:/home/zjh/git/Wechat/repository/org/springframework/cloud/spring-cloud-starter-netflix-eureka-client/2.0.0.RELEASE/spring-cloud-starter-netflix-eureka-client-2.0.0.RELEASE.jar:/home/zjh/git/Wechat/repository/org/springframework/cloud/spring-cloud-starter/2.0.0.RELEASE/spring-cloud-starter-2.0.0.RELEASE.jar:/home/zjh/git/Wechat/repository/org/springframework/cloud/spring-cloud-context/2.0.0.RELEASE/spring-cloud-context-2.0.0.RELEASE.jar:/home/zjh/git/Wechat/repository/org/springframework/security/spring-security-crypto/5.0.3.RELEASE/spring-security-crypto-5.0.3.RELEASE.jar:/home/zjh/git/Wechat/repository/org/springframework/cloud/spring-cloud-commons/2.0.0.RELEASE/spring-cloud-commons-2.0.0.RELEASE.jar:/home/zjh/git/Wechat/repository/org/springframework/security/spring-security-rsa/1.0.5.RELEASE/spring-security-rsa-1.0.5.RELEASE.jar:/home/zjh/git/Wechat/repository/org/bouncycastle/bcpkix-jdk15on/1.56/bcpkix-jdk15on-1.56.jar:/home/zjh/git/Wechat/repository/org/bouncycastle/bcprov-jdk15on/1.56/bcprov-jdk15on-1.56.jar:/home/zjh/git/Wechat/repository/org/springframework/cloud/spring-cloud-netflix-core/2.0.0.RELEASE/spring-cloud-netflix-core-2.0.0.RELEASE.jar:/home/zjh/git/Wechat/repository/org/springframework/cloud/spring-cloud-netflix-eureka-client/2.0.0.RELEASE/spring-cloud-netflix-eureka-client-2.0.0.RELEASE.jar:/home/zjh/git/Wechat/repository/com/netflix/eureka/eureka-client/1.9.2/eureka-client-1.9.2.jar:/home/zjh/git/Wechat/repository/org/codehaus/jettison/jettison/1.3.7/jettison-1.3.7.jar:/home/zjh/git/Wechat/repository/stax/stax-api/1.0.1/stax-api-1.0.1.jar:/home/zjh/git/Wechat/repository/com/netflix/netflix-commons/netflix-eventbus/0.3.0/netflix-eventbus-0.3.0.jar:/home/zjh/git/Wechat/repository/com/netflix/netflix-commons/netflix-infix/0.3.0/netflix-infix-0.3.0.jar:/home/zjh/git/Wechat/repository/commons-jxpath/commons-jxpath/1.3/commons-jxpath-1.3.jar:/home/zjh/git/Wechat/repository/joda-time/joda-time/2.9.9/joda-time-2.9.9.jar:/home/zjh/git/Wechat/repository/org/antlr/antlr-runtime/3.4/antlr-runtime-3.4.jar:/home/zjh/git/Wechat/repository/org/antlr/stringtemplate/3.2.1/stringtemplate-3.2.1.jar:/home/zjh/git/Wechat/repository/antlr/antlr/2.7.7/antlr-2.7.7.jar:/home/zjh/git/Wechat/repository/com/google/code/gson/gson/2.8.2/gson-2.8.2.jar:/home/zjh/git/Wechat/repository/org/apache/commons/commons-math/2.2/commons-math-2.2.jar:/home/zjh/git/Wechat/repository/com/netflix/archaius/archaius-core/0.7.6/archaius-core-0.7.6.jar:/home/zjh/git/Wechat/repository/javax/ws/rs/jsr311-api/1.1.1/jsr311-api-1.1.1.jar:/home/zjh/git/Wechat/repository/com/netflix/servo/servo-core/0.12.21/servo-core-0.12.21.jar:/home/zjh/git/Wechat/repository/com/sun/jersey/jersey-core/1.19.1/jersey-core-1.19.1.jar:/home/zjh/git/Wechat/repository/com/sun/jersey/jersey-client/1.19.1/jersey-client-1.19.1.jar:/home/zjh/git/Wechat/repository/com/sun/jersey/contribs/jersey-apache-client4/1.19.1/jersey-apache-client4-1.19.1.jar:/home/zjh/git/Wechat/repository/org/apache/httpcomponents/httpclient/4.5.5/httpclient-4.5.5.jar:/home/zjh/git/Wechat/repository/org/apache/httpcomponents/httpcore/4.4.9/httpcore-4.4.9.jar:/home/zjh/git/Wechat/repository/commons-codec/commons-codec/1.11/commons-codec-1.11.jar:/home/zjh/git/Wechat/repository/com/google/inject/guice/4.1.0/guice-4.1.0.jar:/home/zjh/git/Wechat/repository/javax/inject/javax.inject/1/javax.inject-1.jar:/home/zjh/git/Wechat/repository/aopalliance/aopalliance/1.0/aopalliance-1.0.jar:/home/zjh/git/Wechat/repository/com/github/vlsi/compactmap/compactmap/1.2.1/compactmap-1.2.1.jar:/home/zjh/git/Wechat/repository/com/github/andrewoma/dexx/dexx-collections/0.2/dexx-collections-0.2.jar:/home/zjh/git/Wechat/repository/com/fasterxml/jackson/core/jackson-annotations/2.9.0/jackson-annotations-2.9.0.jar:/home/zjh/git/Wechat/repository/com/fasterxml/jackson/core/jackson-core/2.9.4/jackson-core-2.9.4.jar:/home/zjh/git/Wechat/repository/com/netflix/eureka/eureka-core/1.9.2/eureka-core-1.9.2.jar:/home/zjh/git/Wechat/repository/org/codehaus/woodstox/woodstox-core-asl/4.4.1/woodstox-core-asl-4.4.1.jar:/home/zjh/git/Wechat/repository/javax/xml/stream/stax-api/1.0-2/stax-api-1.0-2.jar:/home/zjh/git/Wechat/repository/org/codehaus/woodstox/stax2-api/3.1.4/stax2-api-3.1.4.jar:/home/zjh/git/Wechat/repository/org/springframework/cloud/spring-cloud-starter-netflix-archaius/2.0.0.RELEASE/spring-cloud-starter-netflix-archaius-2.0.0.RELEASE.jar:/home/zjh/git/Wechat/repository/org/springframework/cloud/spring-cloud-netflix-ribbon/2.0.0.RELEASE/spring-cloud-netflix-ribbon-2.0.0.RELEASE.jar:/home/zjh/git/Wechat/repository/org/springframework/cloud/spring-cloud-netflix-archaius/2.0.0.RELEASE/spring-cloud-netflix-archaius-2.0.0.RELEASE.jar:/home/zjh/git/Wechat/repository/commons-configuration/commons-configuration/1.8/commons-configuration-1.8.jar:/home/zjh/git/Wechat/repository/commons-lang/commons-lang/2.6/commons-lang-2.6.jar:/home/zjh/git/Wechat/repository/org/springframework/cloud/spring-cloud-starter-netflix-ribbon/2.0.0.RELEASE/spring-cloud-starter-netflix-ribbon-2.0.0.RELEASE.jar:/home/zjh/git/Wechat/repository/com/netflix/ribbon/ribbon/2.2.5/ribbon-2.2.5.jar:/home/zjh/git/Wechat/repository/com/netflix/ribbon/ribbon-transport/2.2.5/ribbon-transport-2.2.5.jar:/home/zjh/git/Wechat/repository/io/reactivex/rxnetty-contexts/0.4.9/rxnetty-contexts-0.4.9.jar:/home/zjh/git/Wechat/repository/io/reactivex/rxnetty-servo/0.4.9/rxnetty-servo-0.4.9.jar:/home/zjh/git/Wechat/repository/com/netflix/hystrix/hystrix-core/1.4.3/hystrix-core-1.4.3.jar:/home/zjh/git/Wechat/repository/io/reactivex/rxnetty/0.4.9/rxnetty-0.4.9.jar:/home/zjh/git/Wechat/repository/io/netty/netty-codec-http/4.1.22.Final/netty-codec-http-4.1.22.Final.jar:/home/zjh/git/Wechat/repository/io/netty/netty-transport-native-epoll/4.1.22.Final/netty-transport-native-epoll-4.1.22.Final.jar:/home/zjh/git/Wechat/repository/io/netty/netty-transport-native-unix-common/4.1.22.Final/netty-transport-native-unix-common-4.1.22.Final.jar:/home/zjh/git/Wechat/repository/com/netflix/ribbon/ribbon-core/2.2.5/ribbon-core-2.2.5.jar:/home/zjh/git/Wechat/repository/com/netflix/ribbon/ribbon-httpclient/2.2.5/ribbon-httpclient-2.2.5.jar:/home/zjh/git/Wechat/repository/commons-collections/commons-collections/3.2.2/commons-collections-3.2.2.jar:/home/zjh/git/Wechat/repository/com/netflix/netflix-commons/netflix-commons-util/0.1.1/netflix-commons-util-0.1.1.jar:/home/zjh/git/Wechat/repository/com/netflix/ribbon/ribbon-loadbalancer/2.2.5/ribbon-loadbalancer-2.2.5.jar:/home/zjh/git/Wechat/repository/com/netflix/netflix-commons/netflix-statistics/0.1.1/netflix-statistics-0.1.1.jar:/home/zjh/git/Wechat/repository/io/reactivex/rxjava/1.3.6/rxjava-1.3.6.jar:/home/zjh/git/Wechat/repository/com/netflix/ribbon/ribbon-eureka/2.2.5/ribbon-eureka-2.2.5.jar:/home/zjh/git/Wechat/repository/com/thoughtworks/xstream/xstream/1.4.10/xstream-1.4.10.jar:/home/zjh/git/Wechat/repository/xmlpull/xmlpull/1.1.3.1/xmlpull-1.1.3.1.jar:/home/zjh/git/Wechat/repository/xpp3/xpp3_min/1.1.4c/xpp3_min-1.1.4c.jar:/home/zjh/git/Wechat/repository/de/codecentric/spring-boot-admin-starter-client/2.0.0/spring-boot-admin-starter-client-2.0.0.jar:/home/zjh/git/Wechat/repository/de/codecentric/spring-boot-admin-client/2.0.0/spring-boot-admin-client-2.0.0.jar:/home/zjh/git/Wechat/repository/org/springframework/boot/spring-boot-starter-actuator/2.0.0.RELEASE/spring-boot-starter-actuator-2.0.0.RELEASE.jar:/home/zjh/git/Wechat/repository/org/springframework/boot/spring-boot-actuator-autoconfigure/2.0.0.RELEASE/spring-boot-actuator-autoconfigure-2.0.0.RELEASE.jar:/home/zjh/git/Wechat/repository/org/springframework/boot/spring-boot-actuator/2.0.0.RELEASE/spring-boot-actuator-2.0.0.RELEASE.jar:/home/zjh/git/Wechat/repository/io/micrometer/micrometer-core/1.0.1/micrometer-core-1.0.1.jar:/home/zjh/git/Wechat/repository/org/hdrhistogram/HdrHistogram/2.1.10/HdrHistogram-2.1.10.jar:/home/zjh/git/Wechat/repository/org/latencyutils/LatencyUtils/2.0.3/LatencyUtils-2.0.3.jar:/home/zjh/git/Wechat/repository/org/jolokia/jolokia-core/1.5.0/jolokia-core-1.5.0.jar:/home/zjh/git/Wechat/repository/com/googlecode/json-simple/json-simple/1.1.1/json-simple-1.1.1.jar:/home/zjh/git/Wechat/repository/org/mybatis/spring/boot/mybatis-spring-boot-starter/1.3.2/mybatis-spring-boot-starter-1.3.2.jar:/home/zjh/git/Wechat/repository/org/springframework/boot/spring-boot-starter-jdbc/2.0.0.RELEASE/spring-boot-starter-jdbc-2.0.0.RELEASE.jar:/home/zjh/git/Wechat/repository/com/zaxxer/HikariCP/2.7.8/HikariCP-2.7.8.jar:/home/zjh/git/Wechat/repository/org/springframework/spring-jdbc/5.0.4.RELEASE/spring-jdbc-5.0.4.RELEASE.jar:/home/zjh/git/Wechat/repository/org/mybatis/spring/boot/mybatis-spring-boot-autoconfigure/1.3.2/mybatis-spring-boot-autoconfigure-1.3.2.jar:/home/zjh/git/Wechat/repository/org/mybatis/mybatis/3.4.6/mybatis-3.4.6.jar:/home/zjh/git/Wechat/repository/org/mybatis/mybatis-spring/1.3.2/mybatis-spring-1.3.2.jar:/home/zjh/git/Wechat/repository/com/github/pagehelper/pagehelper-spring-boot-starter/1.2.3/pagehelper-spring-boot-starter-1.2.3.jar:/home/zjh/git/Wechat/repository/com/github/pagehelper/pagehelper-spring-boot-autoconfigure/1.2.3/pagehelper-spring-boot-autoconfigure-1.2.3.jar:/home/zjh/git/Wechat/repository/com/github/pagehelper/pagehelper/5.1.2/pagehelper-5.1.2.jar:/home/zjh/git/Wechat/repository/com/github/jsqlparser/jsqlparser/1.0/jsqlparser-1.0.jar:/home/zjh/git/Wechat/repository/org/springframework/cloud/spring-cloud-starter-config/2.0.0.RELEASE/spring-cloud-starter-config-2.0.0.RELEASE.jar:/home/zjh/git/Wechat/repository/org/springframework/cloud/spring-cloud-config-client/2.0.0.RELEASE/spring-cloud-config-client-2.0.0.RELEASE.jar:/home/zjh/git/Wechat/repository/com/fasterxml/jackson/core/jackson-databind/2.9.4/jackson-databind-2.9.4.jar:/home/zjh/git/Wechat/repository/mysql/mysql-connector-java/5.1.45/mysql-connector-java-5.1.45.jar:/home/zjh/git/Wechat/repository/log4j/log4j/1.2.17/log4j-1.2.17.jar:/home/zjh/git/Wechat/repository/org/mybatis/generator/mybatis-generator-core/1.3.5/mybatis-generator-core-1.3.5.jar:/home/zjh/git/Wechat/repository/org/projectlombok/lombok/1.16.20/lombok-1.16.20.jar:/home/zjh/git/Wechat/repository/org/springframework/boot/spring-boot-starter-test/2.0.0.RELEASE/spring-boot-starter-test-2.0.0.RELEASE.jar:/home/zjh/git/Wechat/repository/org/springframework/boot/spring-boot-test/2.0.0.RELEASE/spring-boot-test-2.0.0.RELEASE.jar:/home/zjh/git/Wechat/repository/org/springframework/boot/spring-boot-test-autoconfigure/2.0.0.RELEASE/spring-boot-test-autoconfigure-2.0.0.RELEASE.jar:/home/zjh/git/Wechat/repository/com/jayway/jsonpath/json-path/2.4.0/json-path-2.4.0.jar:/home/zjh/git/Wechat/repository/net/minidev/json-smart/2.3/json-smart-2.3.jar:/home/zjh/git/Wechat/repository/net/minidev/accessors-smart/1.2/accessors-smart-1.2.jar:/home/zjh/git/Wechat/repository/org/ow2/asm/asm/5.0.4/asm-5.0.4.jar:/home/zjh/git/Wechat/repository/junit/junit/4.12/junit-4.12.jar:/home/zjh/git/Wechat/repository/org/assertj/assertj-core/3.9.1/assertj-core-3.9.1.jar:/home/zjh/git/Wechat/repository/org/mockito/mockito-core/2.15.0/mockito-core-2.15.0.jar:/home/zjh/git/Wechat/repository/net/bytebuddy/byte-buddy/1.7.10/byte-buddy-1.7.10.jar:/home/zjh/git/Wechat/repository/net/bytebuddy/byte-buddy-agent/1.7.10/byte-buddy-agent-1.7.10.jar:/home/zjh/git/Wechat/repository/org/objenesis/objenesis/2.6/objenesis-2.6.jar:/home/zjh/git/Wechat/repository/org/hamcrest/hamcrest-core/1.3/hamcrest-core-1.3.jar:/home/zjh/git/Wechat/repository/org/hamcrest/hamcrest-library/1.3/hamcrest-library-1.3.jar:/home/zjh/git/Wechat/repository/org/skyscreamer/jsonassert/1.5.0/jsonassert-1.5.0.jar:/home/zjh/git/Wechat/repository/com/vaadin/external/google/android-json/0.0.20131108.vaadin1/android-json-0.0.20131108.vaadin1.jar:/home/zjh/git/Wechat/repository/org/springframework/spring-core/5.0.4.RELEASE/spring-core-5.0.4.RELEASE.jar:/home/zjh/git/Wechat/repository/org/springframework/spring-jcl/5.0.4.RELEASE/spring-jcl-5.0.4.RELEASE.jar:/home/zjh/git/Wechat/repository/org/springframework/spring-test/5.0.4.RELEASE/spring-test-5.0.4.RELEASE.jar:/home/zjh/git/Wechat/repository/org/xmlunit/xmlunit-core/2.5.1/xmlunit-core-2.5.1.jar:"/>
    <property name="sun.cpu.endian" value="little"/>
    <property name="user.home" value="/home/zjh"/>
    <property name="user.language" value="zh"/>
    <property name="java.specification.vendor" value="Oracle Corporation"/>
    <property name="java.home" value="/opt/java/jre"/>
    <property name="basedir" value="/home/zjh/IdeaProjects/lattice/lattice-user"/>
    <property name="file.separator" value="/"/>
    <property name="line.separator" value="&#10;"/>
    <property name="java.vm.specification.vendor" value="Oracle Corporation"/>
    <property name="java.specification.name" value="Java Platform API Specification"/>
    <property name="java.awt.graphicsenv" value="sun.awt.X11GraphicsEnvironment"/>
    <property name="surefire.real.class.path" value="/home/zjh/IdeaProjects/lattice/lattice-user/target/surefire/surefirebooter6131785557467210753.jar"/>
    <property name="sun.boot.class.path" value="/opt/java/jre/lib/resources.jar:/opt/java/jre/lib/rt.jar:/opt/java/jre/lib/sunrsasign.jar:/opt/java/jre/lib/jsse.jar:/opt/java/jre/lib/jce.jar:/opt/java/jre/lib/charsets.jar:/opt/java/jre/lib/jfr.jar:/opt/java/jre/classes"/>
    <property name="sun.management.compiler" value="HotSpot 64-Bit Tiered Compilers"/>
    <property name="java.runtime.version" value="1.8.0_201-b09"/>
    <property name="user.name" value="zjh"/>
    <property name="path.separator" value=":"/>
    <property name="os.version" value="4.15.0-29deepin-generic"/>
    <property name="java.endorsed.dirs" value="/opt/java/jre/lib/endorsed"/>
    <property name="java.runtime.name" value="Java(TM) SE Runtime Environment"/>
    <property name="file.encoding" value="UTF-8"/>
    <property name="java.vm.name" value="Java HotSpot(TM) 64-Bit Server VM"/>
    <property name="localRepository" value="/home/zjh/git/Wechat/repository"/>
    <property name="java.vendor.url.bug" value="http://bugreport.sun.com/bugreport/"/>
    <property name="java.io.tmpdir" value="/tmp"/>
    <property name="idea.version" value="2018.3.4"/>
    <property name="java.version" value="1.8.0_201"/>
    <property name="user.dir" value="/home/zjh/IdeaProjects/lattice/lattice-user"/>
    <property name="os.arch" value="amd64"/>
    <property name="java.vm.specification.name" value="Java Virtual Machine Specification"/>
    <property name="java.awt.printerjob" value="sun.print.PSPrinterJob"/>
    <property name="sun.os.patch.level" value="unknown"/>
    <property name="java.library.path" value="/usr/java/packages/lib/amd64:/usr/lib64:/lib64:/lib:/usr/lib"/>
    <property name="java.vm.info" value="mixed mode"/>
    <property name="java.vendor" value="Oracle Corporation"/>
    <property name="java.vm.version" value="25.201-b09"/>
    <property name="java.ext.dirs" value="/opt/java/jre/lib/ext:/usr/java/packages/lib/ext"/>
    <property name="sun.io.unicode.encoding" value="UnicodeLittle"/>
    <property name="java.class.version" value="52.0"/>
  </properties>
  <testcase name="com.lattice.latticeuser.LatticeUserApplicationTests" classname="com.lattice.latticeuser.LatticeUserApplicationTests" time="0">
    <skipped/>
  </testcase>
</testsuite>