<?xml version="1.0" encoding="UTF-8"?>
<testsuite xmlns:xsi="http://www.w3.org/2001/XMLSchema-instance" xsi:noNamespaceSchemaLocation="https://maven.apache.org/surefire/maven-surefire-plugin/xsd/surefire-test-report.xsd" name="com.lattice.latticemail.LatticeMailApplicationTests" time="5.323" tests="2" errors="0" skipped="0" failures="0">
  <properties>
    <property name="sun.desktop" value="gnome"/>
    <property name="awt.toolkit" value="sun.awt.X11.XToolkit"/>
    <property name="file.encoding.pkg" value="sun.io"/>
    <property name="java.specification.version" value="1.8"/>
    <property name="sun.cpu.isalist" value=""/>
    <property name="sun.jnu.encoding" value="UTF-8"/>
    <property name="java.class.path" value="/home/zjh/IdeaProjects/lattice/lattice-mail/target/test-classes:/home/zjh/IdeaProjects/lattice/lattice-mail/target/classes:/home/zjh/git/Wechat/repository/com/lattice/lattice-common/1.0.0/lattice-common-1.0.0.jar:/home/zjh/git/Wechat/repository/com/alibaba/druid/1.1.3/druid-1.1.3.jar:/opt/java/jre/../lib/jconsole.jar:/opt/java/jre/../lib/tools.jar:/home/zjh/git/Wechat/repository/io/springfox/springfox-swagger2/2.6.1/springfox-swagger2-2.6.1.jar:/home/zjh/git/Wechat/repository/io/swagger/swagger-annotations/1.5.10/swagger-annotations-1.5.10.jar:/home/zjh/git/Wechat/repository/io/swagger/swagger-models/1.5.10/swagger-models-1.5.10.jar:/home/zjh/git/Wechat/repository/com/fasterxml/jackson/core/jackson-annotations/2.9.0/jackson-annotations-2.9.0.jar:/home/zjh/git/Wechat/repository/io/springfox/springfox-spi/2.6.1/springfox-spi-2.6.1.jar:/home/zjh/git/Wechat/repository/io/springfox/springfox-core/2.6.1/springfox-core-2.6.1.jar:/home/zjh/git/Wechat/repository/io/springfox/springfox-schema/2.6.1/springfox-schema-2.6.1.jar:/home/zjh/git/Wechat/repository/io/springfox/springfox-swagger-common/2.6.1/springfox-swagger-common-2.6.1.jar:/home/zjh/git/Wechat/repository/io/springfox/springfox-spring-web/2.6.1/springfox-spring-web-2.6.1.jar:/home/zjh/git/Wechat/repository/com/google/guava/guava/18.0/guava-18.0.jar:/home/zjh/git/Wechat/repository/com/fasterxml/classmate/1.4.0/classmate-1.4.0.jar:/home/zjh/git/Wechat/repository/org/slf4j/slf4j-api/1.7.25/slf4j-api-1.7.25.jar:/home/zjh/git/Wechat/repository/org/springframework/plugin/spring-plugin-core/1.2.0.RELEASE/spring-plugin-core-1.2.0.RELEASE.jar:/home/zjh/git/Wechat/repository/org/springframework/plugin/spring-plugin-metadata/1.2.0.RELEASE/spring-plugin-metadata-1.2.0.RELEASE.jar:/home/zjh/git/Wechat/repository/org/mapstruct/mapstruct/1.0.0.Final/mapstruct-1.0.0.Final.jar:/home/zjh/git/Wechat/repository/io/springfox/springfox-swagger-ui/2.6.1/springfox-swagger-ui-2.6.1.jar:/home/zjh/git/Wechat/repository/org/springframework/boot/spring-boot-starter-aop/2.1.0.RELEASE/spring-boot-starter-aop-2.1.0.RELEASE.jar:/home/zjh/git/Wechat/repository/org/springframework/spring-aop/5.1.2.RELEASE/spring-aop-5.1.2.RELEASE.jar:/home/zjh/git/Wechat/repository/org/aspectj/aspectjweaver/1.9.2/aspectjweaver-1.9.2.jar:/home/zjh/git/Wechat/repository/org/springframework/boot/spring-boot-starter-mail/2.1.0.RELEASE/spring-boot-starter-mail-2.1.0.RELEASE.jar:/home/zjh/git/Wechat/repository/org/springframework/boot/spring-boot-starter/2.1.0.RELEASE/spring-boot-starter-2.1.0.RELEASE.jar:/home/zjh/git/Wechat/repository/org/springframework/boot/spring-boot-starter-logging/2.1.0.RELEASE/spring-boot-starter-logging-2.1.0.RELEASE.jar:/home/zjh/git/Wechat/repository/ch/qos/logback/logback-classic/1.2.3/logback-classic-1.2.3.jar:/home/zjh/git/Wechat/repository/ch/qos/logback/logback-core/1.2.3/logback-core-1.2.3.jar:/home/zjh/git/Wechat/repository/org/apache/logging/log4j/log4j-to-slf4j/2.11.1/log4j-to-slf4j-2.11.1.jar:/home/zjh/git/Wechat/repository/org/apache/logging/log4j/log4j-api/2.11.1/log4j-api-2.11.1.jar:/home/zjh/git/Wechat/repository/org/slf4j/jul-to-slf4j/1.7.25/jul-to-slf4j-1.7.25.jar:/home/zjh/git/Wechat/repository/javax/annotation/javax.annotation-api/1.3.2/javax.annotation-api-1.3.2.jar:/home/zjh/git/Wechat/repository/org/yaml/snakeyaml/1.23/snakeyaml-1.23.jar:/home/zjh/git/Wechat/repository/org/springframework/spring-context/5.1.2.RELEASE/spring-context-5.1.2.RELEASE.jar:/home/zjh/git/Wechat/repository/org/springframework/spring-beans/5.1.2.RELEASE/spring-beans-5.1.2.RELEASE.jar:/home/zjh/git/Wechat/repository/org/springframework/spring-expression/5.1.2.RELEASE/spring-expression-5.1.2.RELEASE.jar:/home/zjh/git/Wechat/repository/org/springframework/spring-context-support/5.1.2.RELEASE/spring-context-support-5.1.2.RELEASE.jar:/home/zjh/git/Wechat/repository/com/sun/mail/javax.mail/1.6.2/javax.mail-1.6.2.jar:/home/zjh/git/Wechat/repository/javax/activation/activation/1.1/activation-1.1.jar:/home/zjh/git/Wechat/repository/org/springframework/boot/spring-boot-starter-web/2.1.0.RELEASE/spring-boot-starter-web-2.1.0.RELEASE.jar:/home/zjh/git/Wechat/repository/org/springframework/boot/spring-boot-starter-json/2.1.0.RELEASE/spring-boot-starter-json-2.1.0.RELEASE.jar:/home/zjh/git/Wechat/repository/com/fasterxml/jackson/core/jackson-databind/2.9.7/jackson-databind-2.9.7.jar:/home/zjh/git/Wechat/repository/com/fasterxml/jackson/core/jackson-core/2.9.7/jackson-core-2.9.7.jar:/home/zjh/git/Wechat/repository/com/fasterxml/jackson/datatype/jackson-datatype-jdk8/2.9.7/jackson-datatype-jdk8-2.9.7.jar:/home/zjh/git/Wechat/repository/com/fasterxml/jackson/datatype/jackson-datatype-jsr310/2.9.7/jackson-datatype-jsr310-2.9.7.jar:/home/zjh/git/Wechat/repository/com/fasterxml/jackson/module/jackson-module-parameter-names/2.9.7/jackson-module-parameter-names-2.9.7.jar:/home/zjh/git/Wechat/repository/org/springframework/boot/spring-boot-starter-tomcat/2.1.0.RELEASE/spring-boot-starter-tomcat-2.1.0.RELEASE.jar:/home/zjh/git/Wechat/repository/org/apache/tomcat/embed/tomcat-embed-core/9.0.12/tomcat-embed-core-9.0.12.jar:/home/zjh/git/Wechat/repository/org/apache/tomcat/embed/tomcat-embed-el/9.0.12/tomcat-embed-el-9.0.12.jar:/home/zjh/git/Wechat/repository/org/apache/tomcat/embed/tomcat-embed-websocket/9.0.12/tomcat-embed-websocket-9.0.12.jar:/home/zjh/git/Wechat/repository/org/hibernate/validator/hibernate-validator/6.0.13.Final/hibernate-validator-6.0.13.Final.jar:/home/zjh/git/Wechat/repository/javax/validation/validation-api/2.0.1.Final/validation-api-2.0.1.Final.jar:/home/zjh/git/Wechat/repository/org/jboss/logging/jboss-logging/3.3.2.Final/jboss-logging-3.3.2.Final.jar:/home/zjh/git/Wechat/repository/org/springframework/spring-web/5.1.2.RELEASE/spring-web-5.1.2.RELEASE.jar:/home/zjh/git/Wechat/repository/org/springframework/spring-webmvc/5.1.2.RELEASE/spring-webmvc-5.1.2.RELEASE.jar:/home/zjh/git/Wechat/repository/org/springframework/boot/spring-boot-starter-thymeleaf/2.1.0.RELEASE/spring-boot-starter-thymeleaf-2.1.0.RELEASE.jar:/home/zjh/git/Wechat/repository/org/thymeleaf/thymeleaf-spring5/3.0.11.RELEASE/thymeleaf-spring5-3.0.11.RELEASE.jar:/home/zjh/git/Wechat/repository/org/thymeleaf/thymeleaf/3.0.11.RELEASE/thymeleaf-3.0.11.RELEASE.jar:/home/zjh/git/Wechat/repository/org/attoparser/attoparser/2.0.5.RELEASE/attoparser-2.0.5.RELEASE.jar:/home/zjh/git/Wechat/repository/org/unbescape/unbescape/1.1.6.RELEASE/unbescape-1.1.6.RELEASE.jar:/home/zjh/git/Wechat/repository/org/thymeleaf/extras/thymeleaf-extras-java8time/3.0.1.RELEASE/thymeleaf-extras-java8time-3.0.1.RELEASE.jar:/home/zjh/git/Wechat/repository/org/springframework/boot/spring-boot-devtools/2.1.0.RELEASE/spring-boot-devtools-2.1.0.RELEASE.jar:/home/zjh/git/Wechat/repository/org/springframework/boot/spring-boot/2.1.0.RELEASE/spring-boot-2.1.0.RELEASE.jar:/home/zjh/git/Wechat/repository/org/springframework/boot/spring-boot-autoconfigure/2.1.0.RELEASE/spring-boot-autoconfigure-2.1.0.RELEASE.jar:/home/zjh/git/Wechat/repository/org/projectlombok/lombok/1.18.2/lombok-1.18.2.jar:/home/zjh/git/Wechat/repository/org/springframework/boot/spring-boot-starter-test/2.1.0.RELEASE/spring-boot-starter-test-2.1.0.RELEASE.jar:/home/zjh/git/Wechat/repository/org/springframework/boot/spring-boot-test/2.1.0.RELEASE/spring-boot-test-2.1.0.RELEASE.jar:/home/zjh/git/Wechat/repository/org/springframework/boot/spring-boot-test-autoconfigure/2.1.0.RELEASE/spring-boot-test-autoconfigure-2.1.0.RELEASE.jar:/home/zjh/git/Wechat/repository/com/jayway/jsonpath/json-path/2.4.0/json-path-2.4.0.jar:/home/zjh/git/Wechat/repository/net/minidev/json-smart/2.3/json-smart-2.3.jar:/home/zjh/git/Wechat/repository/net/minidev/accessors-smart/1.2/accessors-smart-1.2.jar:/home/zjh/git/Wechat/repository/org/ow2/asm/asm/5.0.4/asm-5.0.4.jar:/home/zjh/git/Wechat/repository/junit/junit/4.12/junit-4.12.jar:/home/zjh/git/Wechat/repository/org/assertj/assertj-core/3.11.1/assertj-core-3.11.1.jar:/home/zjh/git/Wechat/repository/org/mockito/mockito-core/2.23.0/mockito-core-2.23.0.jar:/home/zjh/git/Wechat/repository/net/bytebuddy/byte-buddy/1.9.3/byte-buddy-1.9.3.jar:/home/zjh/git/Wechat/repository/net/bytebuddy/byte-buddy-agent/1.9.3/byte-buddy-agent-1.9.3.jar:/home/zjh/git/Wechat/repository/org/objenesis/objenesis/2.6/objenesis-2.6.jar:/home/zjh/git/Wechat/repository/org/hamcrest/hamcrest-core/1.3/hamcrest-core-1.3.jar:/home/zjh/git/Wechat/repository/org/hamcrest/hamcrest-library/1.3/hamcrest-library-1.3.jar:/home/zjh/git/Wechat/repository/org/skyscreamer/jsonassert/1.5.0/jsonassert-1.5.0.jar:/home/zjh/git/Wechat/repository/com/vaadin/external/google/android-json/0.0.20131108.vaadin1/android-json-0.0.20131108.vaadin1.jar:/home/zjh/git/Wechat/repository/org/springframework/spring-core/5.1.2.RELEASE/spring-core-5.1.2.RELEASE.jar:/home/zjh/git/Wechat/repository/org/springframework/spring-jcl/5.1.2.RELEASE/spring-jcl-5.1.2.RELEASE.jar:/home/zjh/git/Wechat/repository/org/springframework/spring-test/5.1.2.RELEASE/spring-test-5.1.2.RELEASE.jar:/home/zjh/git/Wechat/repository/org/xmlunit/xmlunit-core/2.6.2/xmlunit-core-2.6.2.jar:"/>
    <property name="java.vm.vendor" value="Oracle Corporation"/>
    <property name="sun.arch.data.model" value="64"/>
    <property name="java.vendor.url" value="http://java.oracle.com/"/>
    <property name="user.timezone" value=""/>
    <property name="java.vm.specification.version" value="1.8"/>
    <property name="os.name" value="Linux"/>
    <property name="user.country" value="CN"/>
    <property name="sun.java.launcher" value="SUN_STANDARD"/>
    <property name="sun.boot.library.path" value="/opt/java/jre/lib/amd64"/>
    <property name="sun.java.command" value="/home/zjh/IdeaProjects/lattice/lattice-mail/target/surefire/surefirebooter6911039934296435537.jar /home/zjh/IdeaProjects/lattice/lattice-mail/target/surefire 2019-02-21T19-23-14_598-jvmRun1 surefire7358699966859407505tmp surefire_08539673654846890839tmp"/>
    <property name="surefire.test.class.path" value="/home/zjh/IdeaProjects/lattice/lattice-mail/target/test-classes:/home/zjh/IdeaProjects/lattice/lattice-mail/target/classes:/home/zjh/git/Wechat/repository/com/lattice/lattice-common/1.0.0/lattice-common-1.0.0.jar:/home/zjh/git/Wechat/repository/com/alibaba/druid/1.1.3/druid-1.1.3.jar:/opt/java/jre/../lib/jconsole.jar:/opt/java/jre/../lib/tools.jar:/home/zjh/git/Wechat/repository/io/springfox/springfox-swagger2/2.6.1/springfox-swagger2-2.6.1.jar:/home/zjh/git/Wechat/repository/io/swagger/swagger-annotations/1.5.10/swagger-annotations-1.5.10.jar:/home/zjh/git/Wechat/repository/io/swagger/swagger-models/1.5.10/swagger-models-1.5.10.jar:/home/zjh/git/Wechat/repository/com/fasterxml/jackson/core/jackson-annotations/2.9.0/jackson-annotations-2.9.0.jar:/home/zjh/git/Wechat/repository/io/springfox/springfox-spi/2.6.1/springfox-spi-2.6.1.jar:/home/zjh/git/Wechat/repository/io/springfox/springfox-core/2.6.1/springfox-core-2.6.1.jar:/home/zjh/git/Wechat/repository/io/springfox/springfox-schema/2.6.1/springfox-schema-2.6.1.jar:/home/zjh/git/Wechat/repository/io/springfox/springfox-swagger-common/2.6.1/springfox-swagger-common-2.6.1.jar:/home/zjh/git/Wechat/repository/io/springfox/springfox-spring-web/2.6.1/springfox-spring-web-2.6.1.jar:/home/zjh/git/Wechat/repository/com/google/guava/guava/18.0/guava-18.0.jar:/home/zjh/git/Wechat/repository/com/fasterxml/classmate/1.4.0/classmate-1.4.0.jar:/home/zjh/git/Wechat/repository/org/slf4j/slf4j-api/1.7.25/slf4j-api-1.7.25.jar:/home/zjh/git/Wechat/repository/org/springframework/plugin/spring-plugin-core/1.2.0.RELEASE/spring-plugin-core-1.2.0.RELEASE.jar:/home/zjh/git/Wechat/repository/org/springframework/plugin/spring-plugin-metadata/1.2.0.RELEASE/spring-plugin-metadata-1.2.0.RELEASE.jar:/home/zjh/git/Wechat/repository/org/mapstruct/mapstruct/1.0.0.Final/mapstruct-1.0.0.Final.jar:/home/zjh/git/Wechat/repository/io/springfox/springfox-swagger-ui/2.6.1/springfox-swagger-ui-2.6.1.jar:/home/zjh/git/Wechat/repository/org/springframework/boot/spring-boot-starter-aop/2.1.0.RELEASE/spring-boot-starter-aop-2.1.0.RELEASE.jar:/home/zjh/git/Wechat/repository/org/springframework/spring-aop/5.1.2.RELEASE/spring-aop-5.1.2.RELEASE.jar:/home/zjh/git/Wechat/repository/org/aspectj/aspectjweaver/1.9.2/aspectjweaver-1.9.2.jar:/home/zjh/git/Wechat/repository/org/springframework/boot/spring-boot-starter-mail/2.1.0.RELEASE/spring-boot-starter-mail-2.1.0.RELEASE.jar:/home/zjh/git/Wechat/repository/org/springframework/boot/spring-boot-starter/2.1.0.RELEASE/spring-boot-starter-2.1.0.RELEASE.jar:/home/zjh/git/Wechat/repository/org/springframework/boot/spring-boot-starter-logging/2.1.0.RELEASE/spring-boot-starter-logging-2.1.0.RELEASE.jar:/home/zjh/git/Wechat/repository/ch/qos/logback/logback-classic/1.2.3/logback-classic-1.2.3.jar:/home/zjh/git/Wechat/repository/ch/qos/logback/logback-core/1.2.3/logback-core-1.2.3.jar:/home/zjh/git/Wechat/repository/org/apache/logging/log4j/log4j-to-slf4j/2.11.1/log4j-to-slf4j-2.11.1.jar:/home/zjh/git/Wechat/repository/org/apache/logging/log4j/log4j-api/2.11.1/log4j-api-2.11.1.jar:/home/zjh/git/Wechat/repository/org/slf4j/jul-to-slf4j/1.7.25/jul-to-slf4j-1.7.25.jar:/home/zjh/git/Wechat/repository/javax/annotation/javax.annotation-api/1.3.2/javax.annotation-api-1.3.2.jar:/home/zjh/git/Wechat/repository/org/yaml/snakeyaml/1.23/snakeyaml-1.23.jar:/home/zjh/git/Wechat/repository/org/springframework/spring-context/5.1.2.RELEASE/spring-context-5.1.2.RELEASE.jar:/home/zjh/git/Wechat/repository/org/springframework/spring-beans/5.1.2.RELEASE/spring-beans-5.1.2.RELEASE.jar:/home/zjh/git/Wechat/repository/org/springframework/spring-expression/5.1.2.RELEASE/spring-expression-5.1.2.RELEASE.jar:/home/zjh/git/Wechat/repository/org/springframework/spring-context-support/5.1.2.RELEASE/spring-context-support-5.1.2.RELEASE.jar:/home/zjh/git/Wechat/repository/com/sun/mail/javax.mail/1.6.2/javax.mail-1.6.2.jar:/home/zjh/git/Wechat/repository/javax/activation/activation/1.1/activation-1.1.jar:/home/zjh/git/Wechat/repository/org/springframework/boot/spring-boot-starter-web/2.1.0.RELEASE/spring-boot-starter-web-2.1.0.RELEASE.jar:/home/zjh/git/Wechat/repository/org/springframework/boot/spring-boot-starter-json/2.1.0.RELEASE/spring-boot-starter-json-2.1.0.RELEASE.jar:/home/zjh/git/Wechat/repository/com/fasterxml/jackson/core/jackson-databind/2.9.7/jackson-databind-2.9.7.jar:/home/zjh/git/Wechat/repository/com/fasterxml/jackson/core/jackson-core/2.9.7/jackson-core-2.9.7.jar:/home/zjh/git/Wechat/repository/com/fasterxml/jackson/datatype/jackson-datatype-jdk8/2.9.7/jackson-datatype-jdk8-2.9.7.jar:/home/zjh/git/Wechat/repository/com/fasterxml/jackson/datatype/jackson-datatype-jsr310/2.9.7/jackson-datatype-jsr310-2.9.7.jar:/home/zjh/git/Wechat/repository/com/fasterxml/jackson/module/jackson-module-parameter-names/2.9.7/jackson-module-parameter-names-2.9.7.jar:/home/zjh/git/Wechat/repository/org/springframework/boot/spring-boot-starter-tomcat/2.1.0.RELEASE/spring-boot-starter-tomcat-2.1.0.RELEASE.jar:/home/zjh/git/Wechat/repository/org/apache/tomcat/embed/tomcat-embed-core/9.0.12/tomcat-embed-core-9.0.12.jar:/home/zjh/git/Wechat/repository/org/apache/tomcat/embed/tomcat-embed-el/9.0.12/tomcat-embed-el-9.0.12.jar:/home/zjh/git/Wechat/repository/org/apache/tomcat/embed/tomcat-embed-websocket/9.0.12/tomcat-embed-websocket-9.0.12.jar:/home/zjh/git/Wechat/repository/org/hibernate/validator/hibernate-validator/6.0.13.Final/hibernate-validator-6.0.13.Final.jar:/home/zjh/git/Wechat/repository/javax/validation/validation-api/2.0.1.Final/validation-api-2.0.1.Final.jar:/home/zjh/git/Wechat/repository/org/jboss/logging/jboss-logging/3.3.2.Final/jboss-logging-3.3.2.Final.jar:/home/zjh/git/Wechat/repository/org/springframework/spring-web/5.1.2.RELEASE/spring-web-5.1.2.RELEASE.jar:/home/zjh/git/Wechat/repository/org/springframework/spring-webmvc/5.1.2.RELEASE/spring-webmvc-5.1.2.RELEASE.jar:/home/zjh/git/Wechat/repository/org/springframework/boot/spring-boot-starter-thymeleaf/2.1.0.RELEASE/spring-boot-starter-thymeleaf-2.1.0.RELEASE.jar:/home/zjh/git/Wechat/repository/org/thymeleaf/thymeleaf-spring5/3.0.11.RELEASE/thymeleaf-spring5-3.0.11.RELEASE.jar:/home/zjh/git/Wechat/repository/org/thymeleaf/thymeleaf/3.0.11.RELEASE/thymeleaf-3.0.11.RELEASE.jar:/home/zjh/git/Wechat/repository/org/attoparser/attoparser/2.0.5.RELEASE/attoparser-2.0.5.RELEASE.jar:/home/zjh/git/Wechat/repository/org/unbescape/unbescape/1.1.6.RELEASE/unbescape-1.1.6.RELEASE.jar:/home/zjh/git/Wechat/repository/org/thymeleaf/extras/thymeleaf-extras-java8time/3.0.1.RELEASE/thymeleaf-extras-java8time-3.0.1.RELEASE.jar:/home/zjh/git/Wechat/repository/org/springframework/boot/spring-boot-devtools/2.1.0.RELEASE/spring-boot-devtools-2.1.0.RELEASE.jar:/home/zjh/git/Wechat/repository/org/springframework/boot/spring-boot/2.1.0.RELEASE/spring-boot-2.1.0.RELEASE.jar:/home/zjh/git/Wechat/repository/org/springframework/boot/spring-boot-autoconfigure/2.1.0.RELEASE/spring-boot-autoconfigure-2.1.0.RELEASE.jar:/home/zjh/git/Wechat/repository/org/projectlombok/lombok/1.18.2/lombok-1.18.2.jar:/home/zjh/git/Wechat/repository/org/springframework/boot/spring-boot-starter-test/2.1.0.RELEASE/spring-boot-starter-test-2.1.0.RELEASE.jar:/home/zjh/git/Wechat/repository/org/springframework/boot/spring-boot-test/2.1.0.RELEASE/spring-boot-test-2.1.0.RELEASE.jar:/home/zjh/git/Wechat/repository/org/springframework/boot/spring-boot-test-autoconfigure/2.1.0.RELEASE/spring-boot-test-autoconfigure-2.1.0.RELEASE.jar:/home/zjh/git/Wechat/repository/com/jayway/jsonpath/json-path/2.4.0/json-path-2.4.0.jar:/home/zjh/git/Wechat/repository/net/minidev/json-smart/2.3/json-smart-2.3.jar:/home/zjh/git/Wechat/repository/net/minidev/accessors-smart/1.2/accessors-smart-1.2.jar:/home/zjh/git/Wechat/repository/org/ow2/asm/asm/5.0.4/asm-5.0.4.jar:/home/zjh/git/Wechat/repository/junit/junit/4.12/junit-4.12.jar:/home/zjh/git/Wechat/repository/org/assertj/assertj-core/3.11.1/assertj-core-3.11.1.jar:/home/zjh/git/Wechat/repository/org/mockito/mockito-core/2.23.0/mockito-core-2.23.0.jar:/home/zjh/git/Wechat/repository/net/bytebuddy/byte-buddy/1.9.3/byte-buddy-1.9.3.jar:/home/zjh/git/Wechat/repository/net/bytebuddy/byte-buddy-agent/1.9.3/byte-buddy-agent-1.9.3.jar:/home/zjh/git/Wechat/repository/org/objenesis/objenesis/2.6/objenesis-2.6.jar:/home/zjh/git/Wechat/repository/org/hamcrest/hamcrest-core/1.3/hamcrest-core-1.3.jar:/home/zjh/git/Wechat/repository/org/hamcrest/hamcrest-library/1.3/hamcrest-library-1.3.jar:/home/zjh/git/Wechat/repository/org/skyscreamer/jsonassert/1.5.0/jsonassert-1.5.0.jar:/home/zjh/git/Wechat/repository/com/vaadin/external/google/android-json/0.0.20131108.vaadin1/android-json-0.0.20131108.vaadin1.jar:/home/zjh/git/Wechat/repository/org/springframework/spring-core/5.1.2.RELEASE/spring-core-5.1.2.RELEASE.jar:/home/zjh/git/Wechat/repository/org/springframework/spring-jcl/5.1.2.RELEASE/spring-jcl-5.1.2.RELEASE.jar:/home/zjh/git/Wechat/repository/org/springframework/spring-test/5.1.2.RELEASE/spring-test-5.1.2.RELEASE.jar:/home/zjh/git/Wechat/repository/org/xmlunit/xmlunit-core/2.6.2/xmlunit-core-2.6.2.jar:"/>
    <property name="sun.cpu.endian" value="little"/>
    <property name="user.home" value="/home/zjh"/>
    <property name="user.language" value="zh"/>
    <property name="java.specification.vendor" value="Oracle Corporation"/>
    <property name="java.home" value="/opt/java/jre"/>
    <property name="basedir" value="/home/zjh/IdeaProjects/lattice/lattice-mail"/>
    <property name="file.separator" value="/"/>
    <property name="line.separator" value="&#10;"/>
    <property name="java.vm.specification.vendor" value="Oracle Corporation"/>
    <property name="java.specification.name" value="Java Platform API Specification"/>
    <property name="java.awt.graphicsenv" value="sun.awt.X11GraphicsEnvironment"/>
    <property name="surefire.real.class.path" value="/home/zjh/IdeaProjects/lattice/lattice-mail/target/surefire/surefirebooter6911039934296435537.jar"/>
    <property name="sun.boot.class.path" value="/opt/java/jre/lib/resources.jar:/opt/java/jre/lib/rt.jar:/opt/java/jre/lib/sunrsasign.jar:/opt/java/jre/lib/jsse.jar:/opt/java/jre/lib/jce.jar:/opt/java/jre/lib/charsets.jar:/opt/java/jre/lib/jfr.jar:/opt/java/jre/classes"/>
    <property name="sun.management.compiler" value="HotSpot 64-Bit Tiered Compilers"/>
    <property name="java.runtime.version" value="1.8.0_201-b09"/>
    <property name="user.name" value="zjh"/>
    <property name="path.separator" value=":"/>
    <property name="os.version" value="4.15.0-29deepin-generic"/>
    <property name="java.endorsed.dirs" value="/opt/java/jre/lib/endorsed"/>
    <property name="java.runtime.name" value="Java(TM) SE Runtime Environment"/>
    <property name="file.encoding" value="UTF-8"/>
    <property name="java.vm.name" value="Java HotSpot(TM) 64-Bit Server VM"/>
    <property name="localRepository" value="/home/zjh/git/Wechat/repository"/>
    <property name="java.vendor.url.bug" value="http://bugreport.sun.com/bugreport/"/>
    <property name="java.io.tmpdir" value="/tmp"/>
    <property name="idea.version" value="2018.3.4"/>
    <property name="java.version" value="1.8.0_201"/>
    <property name="user.dir" value="/home/zjh/IdeaProjects/lattice/lattice-mail"/>
    <property name="os.arch" value="amd64"/>
    <property name="java.vm.specification.name" value="Java Virtual Machine Specification"/>
    <property name="java.awt.printerjob" value="sun.print.PSPrinterJob"/>
    <property name="sun.os.patch.level" value="unknown"/>
    <property name="java.library.path" value="/usr/java/packages/lib/amd64:/usr/lib64:/lib64:/lib:/usr/lib"/>
    <property name="java.vm.info" value="mixed mode"/>
    <property name="java.vendor" value="Oracle Corporation"/>
    <property name="java.vm.version" value="25.201-b09"/>
    <property name="java.ext.dirs" value="/opt/java/jre/lib/ext:/usr/java/packages/lib/ext"/>
    <property name="sun.io.unicode.encoding" value="UnicodeLittle"/>
    <property name="java.class.version" value="52.0"/>
  </properties>
  <testcase name="sendTemplatesMail" classname="com.lattice.latticemail.LatticeMailApplicationTests" time="1.257"/>
  <testcase name="contextLoads" classname="com.lattice.latticemail.LatticeMailApplicationTests" time="0.465"/>
</testsuite>