<?xml version="1.0" encoding="UTF-8"?>
<testsuite xmlns:xsi="http://www.w3.org/2001/XMLSchema-instance" xsi:noNamespaceSchemaLocation="https://maven.apache.org/surefire/maven-surefire-plugin/xsd/surefire-test-report.xsd" name="com.lattice.latticesearch.LatticeSearchApplicationTests" time="3.818" tests="1" errors="0" skipped="0" failures="0">
  <properties>
    <property name="sun.desktop" value="gnome"/>
    <property name="awt.toolkit" value="sun.awt.X11.XToolkit"/>
    <property name="file.encoding.pkg" value="sun.io"/>
    <property name="java.specification.version" value="1.8"/>
    <property name="sun.cpu.isalist" value=""/>
    <property name="sun.jnu.encoding" value="UTF-8"/>
    <property name="java.class.path" value="/home/zjh/IdeaProjects/lattice/lattice-search/target/test-classes:/home/zjh/IdeaProjects/lattice/lattice-search/target/classes:/home/zjh/git/Wechat/repository/com/lattice/lattice-common/1.0.0/lattice-common-1.0.0.jar:/home/zjh/git/Wechat/repository/org/springframework/boot/spring-boot-starter-web/2.0.0.RELEASE/spring-boot-starter-web-2.0.0.RELEASE.jar:/home/zjh/git/Wechat/repository/org/springframework/boot/spring-boot-starter-json/2.0.0.RELEASE/spring-boot-starter-json-2.0.0.RELEASE.jar:/home/zjh/git/Wechat/repository/com/fasterxml/jackson/datatype/jackson-datatype-jdk8/2.9.4/jackson-datatype-jdk8-2.9.4.jar:/home/zjh/git/Wechat/repository/com/fasterxml/jackson/datatype/jackson-datatype-jsr310/2.9.4/jackson-datatype-jsr310-2.9.4.jar:/home/zjh/git/Wechat/repository/com/fasterxml/jackson/module/jackson-module-parameter-names/2.9.4/jackson-module-parameter-names-2.9.4.jar:/home/zjh/git/Wechat/repository/org/springframework/boot/spring-boot-starter-tomcat/2.0.0.RELEASE/spring-boot-starter-tomcat-2.0.0.RELEASE.jar:/home/zjh/git/Wechat/repository/org/apache/tomcat/embed/tomcat-embed-core/8.5.28/tomcat-embed-core-8.5.28.jar:/home/zjh/git/Wechat/repository/org/apache/tomcat/embed/tomcat-embed-el/8.5.28/tomcat-embed-el-8.5.28.jar:/home/zjh/git/Wechat/repository/org/apache/tomcat/embed/tomcat-embed-websocket/8.5.28/tomcat-embed-websocket-8.5.28.jar:/home/zjh/git/Wechat/repository/org/hibernate/validator/hibernate-validator/6.0.7.Final/hibernate-validator-6.0.7.Final.jar:/home/zjh/git/Wechat/repository/javax/validation/validation-api/2.0.1.Final/validation-api-2.0.1.Final.jar:/home/zjh/git/Wechat/repository/org/jboss/logging/jboss-logging/3.3.2.Final/jboss-logging-3.3.2.Final.jar:/home/zjh/git/Wechat/repository/org/springframework/spring-web/5.0.4.RELEASE/spring-web-5.0.4.RELEASE.jar:/home/zjh/git/Wechat/repository/org/springframework/spring-beans/5.0.4.RELEASE/spring-beans-5.0.4.RELEASE.jar:/home/zjh/git/Wechat/repository/org/springframework/spring-webmvc/5.0.4.RELEASE/spring-webmvc-5.0.4.RELEASE.jar:/home/zjh/git/Wechat/repository/org/springframework/spring-expression/5.0.4.RELEASE/spring-expression-5.0.4.RELEASE.jar:/home/zjh/git/Wechat/repository/com/alibaba/druid/1.1.3/druid-1.1.3.jar:/opt/java/jre/../lib/jconsole.jar:/opt/java/jre/../lib/tools.jar:/home/zjh/git/Wechat/repository/io/springfox/springfox-swagger2/2.6.1/springfox-swagger2-2.6.1.jar:/home/zjh/git/Wechat/repository/io/swagger/swagger-annotations/1.5.10/swagger-annotations-1.5.10.jar:/home/zjh/git/Wechat/repository/io/swagger/swagger-models/1.5.10/swagger-models-1.5.10.jar:/home/zjh/git/Wechat/repository/com/fasterxml/jackson/core/jackson-annotations/2.9.0/jackson-annotations-2.9.0.jar:/home/zjh/git/Wechat/repository/io/springfox/springfox-spi/2.6.1/springfox-spi-2.6.1.jar:/home/zjh/git/Wechat/repository/io/springfox/springfox-core/2.6.1/springfox-core-2.6.1.jar:/home/zjh/git/Wechat/repository/io/springfox/springfox-schema/2.6.1/springfox-schema-2.6.1.jar:/home/zjh/git/Wechat/repository/io/springfox/springfox-swagger-common/2.6.1/springfox-swagger-common-2.6.1.jar:/home/zjh/git/Wechat/repository/io/springfox/springfox-spring-web/2.6.1/springfox-spring-web-2.6.1.jar:/home/zjh/git/Wechat/repository/com/google/guava/guava/18.0/guava-18.0.jar:/home/zjh/git/Wechat/repository/com/fasterxml/classmate/1.3.4/classmate-1.3.4.jar:/home/zjh/git/Wechat/repository/org/slf4j/slf4j-api/1.7.25/slf4j-api-1.7.25.jar:/home/zjh/git/Wechat/repository/org/springframework/plugin/spring-plugin-core/1.2.0.RELEASE/spring-plugin-core-1.2.0.RELEASE.jar:/home/zjh/git/Wechat/repository/org/springframework/plugin/spring-plugin-metadata/1.2.0.RELEASE/spring-plugin-metadata-1.2.0.RELEASE.jar:/home/zjh/git/Wechat/repository/org/mapstruct/mapstruct/1.0.0.Final/mapstruct-1.0.0.Final.jar:/home/zjh/git/Wechat/repository/io/springfox/springfox-swagger-ui/2.6.1/springfox-swagger-ui-2.6.1.jar:/home/zjh/git/Wechat/repository/org/springframework/boot/spring-boot-starter-aop/2.0.0.RELEASE/spring-boot-starter-aop-2.0.0.RELEASE.jar:/home/zjh/git/Wechat/repository/org/springframework/spring-aop/5.0.4.RELEASE/spring-aop-5.0.4.RELEASE.jar:/home/zjh/git/Wechat/repository/org/aspectj/aspectjweaver/1.8.13/aspectjweaver-1.8.13.jar:/home/zjh/git/Wechat/repository/org/springframework/boot/spring-boot-starter-data-solr/2.0.0.RELEASE/spring-boot-starter-data-solr-2.0.0.RELEASE.jar:/home/zjh/git/Wechat/repository/org/springframework/boot/spring-boot-starter/2.0.0.RELEASE/spring-boot-starter-2.0.0.RELEASE.jar:/home/zjh/git/Wechat/repository/org/springframework/boot/spring-boot/2.0.0.RELEASE/spring-boot-2.0.0.RELEASE.jar:/home/zjh/git/Wechat/repository/org/springframework/boot/spring-boot-autoconfigure/2.0.0.RELEASE/spring-boot-autoconfigure-2.0.0.RELEASE.jar:/home/zjh/git/Wechat/repository/org/springframework/boot/spring-boot-starter-logging/2.0.0.RELEASE/spring-boot-starter-logging-2.0.0.RELEASE.jar:/home/zjh/git/Wechat/repository/ch/qos/logback/logback-classic/1.2.3/logback-classic-1.2.3.jar:/home/zjh/git/Wechat/repository/ch/qos/logback/logback-core/1.2.3/logback-core-1.2.3.jar:/home/zjh/git/Wechat/repository/org/apache/logging/log4j/log4j-to-slf4j/2.10.0/log4j-to-slf4j-2.10.0.jar:/home/zjh/git/Wechat/repository/org/apache/logging/log4j/log4j-api/2.10.0/log4j-api-2.10.0.jar:/home/zjh/git/Wechat/repository/org/slf4j/jul-to-slf4j/1.7.25/jul-to-slf4j-1.7.25.jar:/home/zjh/git/Wechat/repository/javax/annotation/javax.annotation-api/1.3.2/javax.annotation-api-1.3.2.jar:/home/zjh/git/Wechat/repository/org/yaml/snakeyaml/1.19/snakeyaml-1.19.jar:/home/zjh/git/Wechat/repository/org/apache/solr/solr-solrj/6.6.2/solr-solrj-6.6.2.jar:/home/zjh/git/Wechat/repository/commons-io/commons-io/2.5/commons-io-2.5.jar:/home/zjh/git/Wechat/repository/org/apache/commons/commons-math3/3.4.1/commons-math3-3.4.1.jar:/home/zjh/git/Wechat/repository/org/apache/httpcomponents/httpclient/4.5.5/httpclient-4.5.5.jar:/home/zjh/git/Wechat/repository/org/apache/httpcomponents/httpcore/4.4.9/httpcore-4.4.9.jar:/home/zjh/git/Wechat/repository/org/apache/zookeeper/zookeeper/3.4.10/zookeeper-3.4.10.jar:/home/zjh/git/Wechat/repository/org/codehaus/woodstox/stax2-api/3.1.4/stax2-api-3.1.4.jar:/home/zjh/git/Wechat/repository/org/codehaus/woodstox/woodstox-core-asl/4.4.1/woodstox-core-asl-4.4.1.jar:/home/zjh/git/Wechat/repository/org/noggit/noggit/0.6/noggit-0.6.jar:/home/zjh/git/Wechat/repository/org/springframework/data/spring-data-solr/3.0.5.RELEASE/spring-data-solr-3.0.5.RELEASE.jar:/home/zjh/git/Wechat/repository/org/springframework/spring-context/5.0.4.RELEASE/spring-context-5.0.4.RELEASE.jar:/home/zjh/git/Wechat/repository/org/springframework/spring-tx/5.0.4.RELEASE/spring-tx-5.0.4.RELEASE.jar:/home/zjh/git/Wechat/repository/org/springframework/data/spring-data-commons/2.0.5.RELEASE/spring-data-commons-2.0.5.RELEASE.jar:/home/zjh/git/Wechat/repository/org/apache/commons/commons-lang3/3.7/commons-lang3-3.7.jar:/home/zjh/git/Wechat/repository/com/fasterxml/jackson/core/jackson-databind/2.9.4/jackson-databind-2.9.4.jar:/home/zjh/git/Wechat/repository/com/fasterxml/jackson/core/jackson-core/2.9.4/jackson-core-2.9.4.jar:/home/zjh/git/Wechat/repository/org/apache/httpcomponents/httpmime/4.5.5/httpmime-4.5.5.jar:/home/zjh/git/Wechat/repository/org/springframework/boot/spring-boot-starter-test/2.0.0.RELEASE/spring-boot-starter-test-2.0.0.RELEASE.jar:/home/zjh/git/Wechat/repository/org/springframework/boot/spring-boot-test/2.0.0.RELEASE/spring-boot-test-2.0.0.RELEASE.jar:/home/zjh/git/Wechat/repository/org/springframework/boot/spring-boot-test-autoconfigure/2.0.0.RELEASE/spring-boot-test-autoconfigure-2.0.0.RELEASE.jar:/home/zjh/git/Wechat/repository/com/jayway/jsonpath/json-path/2.4.0/json-path-2.4.0.jar:/home/zjh/git/Wechat/repository/net/minidev/json-smart/2.3/json-smart-2.3.jar:/home/zjh/git/Wechat/repository/net/minidev/accessors-smart/1.2/accessors-smart-1.2.jar:/home/zjh/git/Wechat/repository/org/ow2/asm/asm/5.0.4/asm-5.0.4.jar:/home/zjh/git/Wechat/repository/junit/junit/4.12/junit-4.12.jar:/home/zjh/git/Wechat/repository/org/assertj/assertj-core/3.9.1/assertj-core-3.9.1.jar:/home/zjh/git/Wechat/repository/org/mockito/mockito-core/2.15.0/mockito-core-2.15.0.jar:/home/zjh/git/Wechat/repository/net/bytebuddy/byte-buddy/1.7.10/byte-buddy-1.7.10.jar:/home/zjh/git/Wechat/repository/net/bytebuddy/byte-buddy-agent/1.7.10/byte-buddy-agent-1.7.10.jar:/home/zjh/git/Wechat/repository/org/objenesis/objenesis/2.6/objenesis-2.6.jar:/home/zjh/git/Wechat/repository/org/hamcrest/hamcrest-core/1.3/hamcrest-core-1.3.jar:/home/zjh/git/Wechat/repository/org/hamcrest/hamcrest-library/1.3/hamcrest-library-1.3.jar:/home/zjh/git/Wechat/repository/org/skyscreamer/jsonassert/1.5.0/jsonassert-1.5.0.jar:/home/zjh/git/Wechat/repository/com/vaadin/external/google/android-json/0.0.20131108.vaadin1/android-json-0.0.20131108.vaadin1.jar:/home/zjh/git/Wechat/repository/org/springframework/spring-core/5.0.4.RELEASE/spring-core-5.0.4.RELEASE.jar:/home/zjh/git/Wechat/repository/org/springframework/spring-jcl/5.0.4.RELEASE/spring-jcl-5.0.4.RELEASE.jar:/home/zjh/git/Wechat/repository/org/springframework/spring-test/5.0.4.RELEASE/spring-test-5.0.4.RELEASE.jar:/home/zjh/git/Wechat/repository/org/xmlunit/xmlunit-core/2.5.1/xmlunit-core-2.5.1.jar:"/>
    <property name="java.vm.vendor" value="Oracle Corporation"/>
    <property name="sun.arch.data.model" value="64"/>
    <property name="java.vendor.url" value="http://java.oracle.com/"/>
    <property name="user.timezone" value=""/>
    <property name="java.vm.specification.version" value="1.8"/>
    <property name="os.name" value="Linux"/>
    <property name="user.country" value="CN"/>
    <property name="sun.java.launcher" value="SUN_STANDARD"/>
    <property name="sun.boot.library.path" value="/opt/java/jre/lib/amd64"/>
    <property name="sun.java.command" value="/home/zjh/IdeaProjects/lattice/lattice-search/target/surefire/surefirebooter512656141675645752.jar /home/zjh/IdeaProjects/lattice/lattice-search/target/surefire 2019-02-21T19-28-09_441-jvmRun1 surefire4348418950793052335tmp surefire_03648535972656377485tmp"/>
    <property name="surefire.test.class.path" value="/home/zjh/IdeaProjects/lattice/lattice-search/target/test-classes:/home/zjh/IdeaProjects/lattice/lattice-search/target/classes:/home/zjh/git/Wechat/repository/com/lattice/lattice-common/1.0.0/lattice-common-1.0.0.jar:/home/zjh/git/Wechat/repository/org/springframework/boot/spring-boot-starter-web/2.0.0.RELEASE/spring-boot-starter-web-2.0.0.RELEASE.jar:/home/zjh/git/Wechat/repository/org/springframework/boot/spring-boot-starter-json/2.0.0.RELEASE/spring-boot-starter-json-2.0.0.RELEASE.jar:/home/zjh/git/Wechat/repository/com/fasterxml/jackson/datatype/jackson-datatype-jdk8/2.9.4/jackson-datatype-jdk8-2.9.4.jar:/home/zjh/git/Wechat/repository/com/fasterxml/jackson/datatype/jackson-datatype-jsr310/2.9.4/jackson-datatype-jsr310-2.9.4.jar:/home/zjh/git/Wechat/repository/com/fasterxml/jackson/module/jackson-module-parameter-names/2.9.4/jackson-module-parameter-names-2.9.4.jar:/home/zjh/git/Wechat/repository/org/springframework/boot/spring-boot-starter-tomcat/2.0.0.RELEASE/spring-boot-starter-tomcat-2.0.0.RELEASE.jar:/home/zjh/git/Wechat/repository/org/apache/tomcat/embed/tomcat-embed-core/8.5.28/tomcat-embed-core-8.5.28.jar:/home/zjh/git/Wechat/repository/org/apache/tomcat/embed/tomcat-embed-el/8.5.28/tomcat-embed-el-8.5.28.jar:/home/zjh/git/Wechat/repository/org/apache/tomcat/embed/tomcat-embed-websocket/8.5.28/tomcat-embed-websocket-8.5.28.jar:/home/zjh/git/Wechat/repository/org/hibernate/validator/hibernate-validator/6.0.7.Final/hibernate-validator-6.0.7.Final.jar:/home/zjh/git/Wechat/repository/javax/validation/validation-api/2.0.1.Final/validation-api-2.0.1.Final.jar:/home/zjh/git/Wechat/repository/org/jboss/logging/jboss-logging/3.3.2.Final/jboss-logging-3.3.2.Final.jar:/home/zjh/git/Wechat/repository/org/springframework/spring-web/5.0.4.RELEASE/spring-web-5.0.4.RELEASE.jar:/home/zjh/git/Wechat/repository/org/springframework/spring-beans/5.0.4.RELEASE/spring-beans-5.0.4.RELEASE.jar:/home/zjh/git/Wechat/repository/org/springframework/spring-webmvc/5.0.4.RELEASE/spring-webmvc-5.0.4.RELEASE.jar:/home/zjh/git/Wechat/repository/org/springframework/spring-expression/5.0.4.RELEASE/spring-expression-5.0.4.RELEASE.jar:/home/zjh/git/Wechat/repository/com/alibaba/druid/1.1.3/druid-1.1.3.jar:/opt/java/jre/../lib/jconsole.jar:/opt/java/jre/../lib/tools.jar:/home/zjh/git/Wechat/repository/io/springfox/springfox-swagger2/2.6.1/springfox-swagger2-2.6.1.jar:/home/zjh/git/Wechat/repository/io/swagger/swagger-annotations/1.5.10/swagger-annotations-1.5.10.jar:/home/zjh/git/Wechat/repository/io/swagger/swagger-models/1.5.10/swagger-models-1.5.10.jar:/home/zjh/git/Wechat/repository/com/fasterxml/jackson/core/jackson-annotations/2.9.0/jackson-annotations-2.9.0.jar:/home/zjh/git/Wechat/repository/io/springfox/springfox-spi/2.6.1/springfox-spi-2.6.1.jar:/home/zjh/git/Wechat/repository/io/springfox/springfox-core/2.6.1/springfox-core-2.6.1.jar:/home/zjh/git/Wechat/repository/io/springfox/springfox-schema/2.6.1/springfox-schema-2.6.1.jar:/home/zjh/git/Wechat/repository/io/springfox/springfox-swagger-common/2.6.1/springfox-swagger-common-2.6.1.jar:/home/zjh/git/Wechat/repository/io/springfox/springfox-spring-web/2.6.1/springfox-spring-web-2.6.1.jar:/home/zjh/git/Wechat/repository/com/google/guava/guava/18.0/guava-18.0.jar:/home/zjh/git/Wechat/repository/com/fasterxml/classmate/1.3.4/classmate-1.3.4.jar:/home/zjh/git/Wechat/repository/org/slf4j/slf4j-api/1.7.25/slf4j-api-1.7.25.jar:/home/zjh/git/Wechat/repository/org/springframework/plugin/spring-plugin-core/1.2.0.RELEASE/spring-plugin-core-1.2.0.RELEASE.jar:/home/zjh/git/Wechat/repository/org/springframework/plugin/spring-plugin-metadata/1.2.0.RELEASE/spring-plugin-metadata-1.2.0.RELEASE.jar:/home/zjh/git/Wechat/repository/org/mapstruct/mapstruct/1.0.0.Final/mapstruct-1.0.0.Final.jar:/home/zjh/git/Wechat/repository/io/springfox/springfox-swagger-ui/2.6.1/springfox-swagger-ui-2.6.1.jar:/home/zjh/git/Wechat/repository/org/springframework/boot/spring-boot-starter-aop/2.0.0.RELEASE/spring-boot-starter-aop-2.0.0.RELEASE.jar:/home/zjh/git/Wechat/repository/org/springframework/spring-aop/5.0.4.RELEASE/spring-aop-5.0.4.RELEASE.jar:/home/zjh/git/Wechat/repository/org/aspectj/aspectjweaver/1.8.13/aspectjweaver-1.8.13.jar:/home/zjh/git/Wechat/repository/org/springframework/boot/spring-boot-starter-data-solr/2.0.0.RELEASE/spring-boot-starter-data-solr-2.0.0.RELEASE.jar:/home/zjh/git/Wechat/repository/org/springframework/boot/spring-boot-starter/2.0.0.RELEASE/spring-boot-starter-2.0.0.RELEASE.jar:/home/zjh/git/Wechat/repository/org/springframework/boot/spring-boot/2.0.0.RELEASE/spring-boot-2.0.0.RELEASE.jar:/home/zjh/git/Wechat/repository/org/springframework/boot/spring-boot-autoconfigure/2.0.0.RELEASE/spring-boot-autoconfigure-2.0.0.RELEASE.jar:/home/zjh/git/Wechat/repository/org/springframework/boot/spring-boot-starter-logging/2.0.0.RELEASE/spring-boot-starter-logging-2.0.0.RELEASE.jar:/home/zjh/git/Wechat/repository/ch/qos/logback/logback-classic/1.2.3/logback-classic-1.2.3.jar:/home/zjh/git/Wechat/repository/ch/qos/logback/logback-core/1.2.3/logback-core-1.2.3.jar:/home/zjh/git/Wechat/repository/org/apache/logging/log4j/log4j-to-slf4j/2.10.0/log4j-to-slf4j-2.10.0.jar:/home/zjh/git/Wechat/repository/org/apache/logging/log4j/log4j-api/2.10.0/log4j-api-2.10.0.jar:/home/zjh/git/Wechat/repository/org/slf4j/jul-to-slf4j/1.7.25/jul-to-slf4j-1.7.25.jar:/home/zjh/git/Wechat/repository/javax/annotation/javax.annotation-api/1.3.2/javax.annotation-api-1.3.2.jar:/home/zjh/git/Wechat/repository/org/yaml/snakeyaml/1.19/snakeyaml-1.19.jar:/home/zjh/git/Wechat/repository/org/apache/solr/solr-solrj/6.6.2/solr-solrj-6.6.2.jar:/home/zjh/git/Wechat/repository/commons-io/commons-io/2.5/commons-io-2.5.jar:/home/zjh/git/Wechat/repository/org/apache/commons/commons-math3/3.4.1/commons-math3-3.4.1.jar:/home/zjh/git/Wechat/repository/org/apache/httpcomponents/httpclient/4.5.5/httpclient-4.5.5.jar:/home/zjh/git/Wechat/repository/org/apache/httpcomponents/httpcore/4.4.9/httpcore-4.4.9.jar:/home/zjh/git/Wechat/repository/org/apache/zookeeper/zookeeper/3.4.10/zookeeper-3.4.10.jar:/home/zjh/git/Wechat/repository/org/codehaus/woodstox/stax2-api/3.1.4/stax2-api-3.1.4.jar:/home/zjh/git/Wechat/repository/org/codehaus/woodstox/woodstox-core-asl/4.4.1/woodstox-core-asl-4.4.1.jar:/home/zjh/git/Wechat/repository/org/noggit/noggit/0.6/noggit-0.6.jar:/home/zjh/git/Wechat/repository/org/springframework/data/spring-data-solr/3.0.5.RELEASE/spring-data-solr-3.0.5.RELEASE.jar:/home/zjh/git/Wechat/repository/org/springframework/spring-context/5.0.4.RELEASE/spring-context-5.0.4.RELEASE.jar:/home/zjh/git/Wechat/repository/org/springframework/spring-tx/5.0.4.RELEASE/spring-tx-5.0.4.RELEASE.jar:/home/zjh/git/Wechat/repository/org/springframework/data/spring-data-commons/2.0.5.RELEASE/spring-data-commons-2.0.5.RELEASE.jar:/home/zjh/git/Wechat/repository/org/apache/commons/commons-lang3/3.7/commons-lang3-3.7.jar:/home/zjh/git/Wechat/repository/com/fasterxml/jackson/core/jackson-databind/2.9.4/jackson-databind-2.9.4.jar:/home/zjh/git/Wechat/repository/com/fasterxml/jackson/core/jackson-core/2.9.4/jackson-core-2.9.4.jar:/home/zjh/git/Wechat/repository/org/apache/httpcomponents/httpmime/4.5.5/httpmime-4.5.5.jar:/home/zjh/git/Wechat/repository/org/springframework/boot/spring-boot-starter-test/2.0.0.RELEASE/spring-boot-starter-test-2.0.0.RELEASE.jar:/home/zjh/git/Wechat/repository/org/springframework/boot/spring-boot-test/2.0.0.RELEASE/spring-boot-test-2.0.0.RELEASE.jar:/home/zjh/git/Wechat/repository/org/springframework/boot/spring-boot-test-autoconfigure/2.0.0.RELEASE/spring-boot-test-autoconfigure-2.0.0.RELEASE.jar:/home/zjh/git/Wechat/repository/com/jayway/jsonpath/json-path/2.4.0/json-path-2.4.0.jar:/home/zjh/git/Wechat/repository/net/minidev/json-smart/2.3/json-smart-2.3.jar:/home/zjh/git/Wechat/repository/net/minidev/accessors-smart/1.2/accessors-smart-1.2.jar:/home/zjh/git/Wechat/repository/org/ow2/asm/asm/5.0.4/asm-5.0.4.jar:/home/zjh/git/Wechat/repository/junit/junit/4.12/junit-4.12.jar:/home/zjh/git/Wechat/repository/org/assertj/assertj-core/3.9.1/assertj-core-3.9.1.jar:/home/zjh/git/Wechat/repository/org/mockito/mockito-core/2.15.0/mockito-core-2.15.0.jar:/home/zjh/git/Wechat/repository/net/bytebuddy/byte-buddy/1.7.10/byte-buddy-1.7.10.jar:/home/zjh/git/Wechat/repository/net/bytebuddy/byte-buddy-agent/1.7.10/byte-buddy-agent-1.7.10.jar:/home/zjh/git/Wechat/repository/org/objenesis/objenesis/2.6/objenesis-2.6.jar:/home/zjh/git/Wechat/repository/org/hamcrest/hamcrest-core/1.3/hamcrest-core-1.3.jar:/home/zjh/git/Wechat/repository/org/hamcrest/hamcrest-library/1.3/hamcrest-library-1.3.jar:/home/zjh/git/Wechat/repository/org/skyscreamer/jsonassert/1.5.0/jsonassert-1.5.0.jar:/home/zjh/git/Wechat/repository/com/vaadin/external/google/android-json/0.0.20131108.vaadin1/android-json-0.0.20131108.vaadin1.jar:/home/zjh/git/Wechat/repository/org/springframework/spring-core/5.0.4.RELEASE/spring-core-5.0.4.RELEASE.jar:/home/zjh/git/Wechat/repository/org/springframework/spring-jcl/5.0.4.RELEASE/spring-jcl-5.0.4.RELEASE.jar:/home/zjh/git/Wechat/repository/org/springframework/spring-test/5.0.4.RELEASE/spring-test-5.0.4.RELEASE.jar:/home/zjh/git/Wechat/repository/org/xmlunit/xmlunit-core/2.5.1/xmlunit-core-2.5.1.jar:"/>
    <property name="sun.cpu.endian" value="little"/>
    <property name="user.home" value="/home/zjh"/>
    <property name="user.language" value="zh"/>
    <property name="java.specification.vendor" value="Oracle Corporation"/>
    <property name="java.home" value="/opt/java/jre"/>
    <property name="basedir" value="/home/zjh/IdeaProjects/lattice/lattice-search"/>
    <property name="file.separator" value="/"/>
    <property name="line.separator" value="&#10;"/>
    <property name="java.vm.specification.vendor" value="Oracle Corporation"/>
    <property name="java.specification.name" value="Java Platform API Specification"/>
    <property name="java.awt.graphicsenv" value="sun.awt.X11GraphicsEnvironment"/>
    <property name="surefire.real.class.path" value="/home/zjh/IdeaProjects/lattice/lattice-search/target/surefire/surefirebooter512656141675645752.jar"/>
    <property name="sun.boot.class.path" value="/opt/java/jre/lib/resources.jar:/opt/java/jre/lib/rt.jar:/opt/java/jre/lib/sunrsasign.jar:/opt/java/jre/lib/jsse.jar:/opt/java/jre/lib/jce.jar:/opt/java/jre/lib/charsets.jar:/opt/java/jre/lib/jfr.jar:/opt/java/jre/classes"/>
    <property name="sun.management.compiler" value="HotSpot 64-Bit Tiered Compilers"/>
    <property name="java.runtime.version" value="1.8.0_201-b09"/>
    <property name="user.name" value="zjh"/>
    <property name="path.separator" value=":"/>
    <property name="os.version" value="4.15.0-29deepin-generic"/>
    <property name="java.endorsed.dirs" value="/opt/java/jre/lib/endorsed"/>
    <property name="java.runtime.name" value="Java(TM) SE Runtime Environment"/>
    <property name="file.encoding" value="UTF-8"/>
    <property name="java.vm.name" value="Java HotSpot(TM) 64-Bit Server VM"/>
    <property name="localRepository" value="/home/zjh/git/Wechat/repository"/>
    <property name="java.vendor.url.bug" value="http://bugreport.sun.com/bugreport/"/>
    <property name="java.io.tmpdir" value="/tmp"/>
    <property name="idea.version" value="2018.3.4"/>
    <property name="java.version" value="1.8.0_201"/>
    <property name="user.dir" value="/home/zjh/IdeaProjects/lattice/lattice-search"/>
    <property name="os.arch" value="amd64"/>
    <property name="java.vm.specification.name" value="Java Virtual Machine Specification"/>
    <property name="java.awt.printerjob" value="sun.print.PSPrinterJob"/>
    <property name="sun.os.patch.level" value="unknown"/>
    <property name="java.library.path" value="/usr/java/packages/lib/amd64:/usr/lib64:/lib64:/lib:/usr/lib"/>
    <property name="java.vm.info" value="mixed mode"/>
    <property name="java.vendor" value="Oracle Corporation"/>
    <property name="java.vm.version" value="25.201-b09"/>
    <property name="java.ext.dirs" value="/opt/java/jre/lib/ext:/usr/java/packages/lib/ext"/>
    <property name="sun.io.unicode.encoding" value="UnicodeLittle"/>
    <property name="java.class.version" value="52.0"/>
  </properties>
  <testcase name="contextLoads" classname="com.lattice.latticesearch.LatticeSearchApplicationTests" time="0.107"/>
</testsuite>